Bringing machine 'dns' up with 'virtualbox' provider...
Bringing machine 'dns-backup' up with 'virtualbox' provider...
Bringing machine 'internal-test' up with 'virtualbox' provider...
Bringing machine 'webserver' up with 'virtualbox' provider...
Bringing machine 'external-test' up with 'virtualbox' provider...
==> dns: Importing base box 'bento/ubuntu-20.04'...
[KProgress: 10%[KProgress: 20%[KProgress: 40%[KProgress: 50%[KProgress: 60%[KProgress: 90%[K==> dns: Matching MAC address for NAT networking...
==> dns: Checking if box 'bento/ubuntu-20.04' version '202010.24.0' is up to date...
==> dns: Setting the name of the VM: ECE576A_dns_1607671669470_36253
==> dns: Clearing any previously set network interfaces...
==> dns: Preparing network interfaces based on configuration...
    dns: Adapter 1: nat
    dns: Adapter 2: hostonly
==> dns: Forwarding ports...
    dns: 22 (guest) => 2222 (host) (adapter 1)
==> dns: Running 'pre-boot' VM customizations...
==> dns: Booting VM...
==> dns: Waiting for machine to boot. This may take a few minutes...
    dns: SSH address: 127.0.0.1:2222
    dns: SSH username: vagrant
    dns: SSH auth method: private key
    dns: 
    dns: Vagrant insecure key detected. Vagrant will automatically replace
    dns: this with a newly generated keypair for better security.
    dns: 
    dns: Inserting generated public key within guest...
    dns: Removing insecure key from the guest if it's present...
    dns: Key inserted! Disconnecting and reconnecting using new SSH key...
==> dns: Machine booted and ready!
==> dns: Checking for guest additions in VM...
==> dns: Setting hostname...
==> dns: Configuring and enabling network interfaces...
==> dns: Mounting shared folders...
    dns: /vagrant => /home/mitch/ECE576A
==> dns: Running provisioner: shell...
    dns: Running: inline script
    dns: Get:1 http://security.ubuntu.com/ubuntu focal-security InRelease [109 kB]
    dns: Hit:2 http://archive.ubuntu.com/ubuntu focal InRelease
    dns: Get:3 http://archive.ubuntu.com/ubuntu focal-updates InRelease [114 kB]
    dns: Get:4 http://security.ubuntu.com/ubuntu focal-security/main i386 Packages [162 kB]
    dns: Get:5 http://security.ubuntu.com/ubuntu focal-security/main amd64 Packages [376 kB]
    dns: Get:6 http://security.ubuntu.com/ubuntu focal-security/main Translation-en [87.2 kB]
    dns: Get:7 http://archive.ubuntu.com/ubuntu focal-backports InRelease [101 kB]
    dns: Get:8 http://security.ubuntu.com/ubuntu focal-security/restricted amd64 Packages [69.9 kB]
    dns: Get:9 http://security.ubuntu.com/ubuntu focal-security/restricted Translation-en [11.4 kB]
    dns: Get:10 http://security.ubuntu.com/ubuntu focal-security/universe amd64 Packages [521 kB]
    dns: Get:11 http://security.ubuntu.com/ubuntu focal-security/universe i386 Packages [413 kB]
    dns: Get:12 http://security.ubuntu.com/ubuntu focal-security/universe Translation-en [68.6 kB]
    dns: Get:13 http://security.ubuntu.com/ubuntu focal-security/multiverse amd64 Packages [1,256 B]
    dns: Get:14 http://archive.ubuntu.com/ubuntu focal-updates/main i386 Packages [388 kB]
    dns: Get:15 http://archive.ubuntu.com/ubuntu focal-updates/main amd64 Packages [683 kB]
    dns: Get:16 http://archive.ubuntu.com/ubuntu focal-updates/main Translation-en [173 kB]
    dns: Get:17 http://archive.ubuntu.com/ubuntu focal-updates/restricted amd64 Packages [96.3 kB]
    dns: Get:18 http://archive.ubuntu.com/ubuntu focal-updates/restricted i386 Packages [13.3 kB]
    dns: Get:19 http://archive.ubuntu.com/ubuntu focal-updates/restricted Translation-en [14.9 kB]
    dns: Get:20 http://archive.ubuntu.com/ubuntu focal-updates/universe amd64 Packages [701 kB]
    dns: Get:21 http://archive.ubuntu.com/ubuntu focal-updates/universe i386 Packages [522 kB]
    dns: Get:22 http://archive.ubuntu.com/ubuntu focal-updates/universe Translation-en [138 kB]
    dns: Get:23 http://archive.ubuntu.com/ubuntu focal-updates/multiverse i386 Packages [5,868 B]
    dns: Get:24 http://archive.ubuntu.com/ubuntu focal-updates/multiverse amd64 Packages [20.0 kB]
    dns: Get:25 http://archive.ubuntu.com/ubuntu focal-updates/multiverse Translation-en [4,668 B]
    dns: Get:26 http://archive.ubuntu.com/ubuntu focal-backports/universe amd64 Packages [3,988 B]
    dns: Get:27 http://archive.ubuntu.com/ubuntu focal-backports/universe i386 Packages [2,904 B]
    dns: Fetched 4,800 kB in 2s (2,271 kB/s)
    dns: Reading package lists...
    dns: Reading package lists...
    dns: Building dependency tree...
    dns: 
    dns: Reading state information...
    dns: The following additional packages will be installed:
    dns:   bind9-dnsutils bind9-libs bind9-utils cluster-glue corosync crmsh
    dns:   dns-root-data libcfg7 libcib27 libcmap4 libcorosync-common4 libcpg4
    dns:   libcrmcluster29 libcrmcommon34 libcrmservice28 libdbus-glib-1-2
    dns:   libheartbeat2 libirs-export161 libisccfg-export163 libknet1 liblrm2
    dns:   liblrmd28 libmysqlclient21 libnet1 libnl-route-3-200 libnozzle1 libnspr4
    dns:   libnss3 libopenhpi3 libopenipmi0 libpacemaker1 libpe-rules26 libpe-status28
    dns:   libpils2 libplumb2 libplumbgpl2 libqb-dev libqb0 libquorum5
    dns:   libsensors-config libsensors5 libsnmp-base libsnmp35 libstatgrab10
    dns:   libstonith1 libstonithd26 libtimedate-perl libvotequorum8 libxml2-utils
    dns:   mysql-common net-tools openhpid pacemaker pacemaker-cli-utils
    dns:   pacemaker-common pacemaker-resource-agents python3-bs4 python3-dateutil
    dns:   python3-html5lib python3-lxml python3-parallax python3-ply python3-soupsieve
    dns:   python3-webencodings resource-agents xsltproc
    dns: Suggested packages:
    dns:   bind-doc resolvconf ipmitool bash-completion csync2 ocfs2-tools sbd
    dns:   vim-addon-manager isc-dhcp-server-ldap policycoreutils libqb-doc lm-sensors
    dns:   snmp-mibs-downloader pcs fence-agents python3-genshi python3-lxml-dbg
    dns:   python-lxml-doc python-ply-doc python3-googleapi
    dns: The following NEW packages will be installed:
    dns:   bind9 bind9-utils cluster-glue corosync crmsh dns-root-data heartbeat
    dns:   isc-dhcp-server libcfg7 libcib27 libcmap4 libcorosync-common4 libcpg4
    dns:   libcrmcluster29 libcrmcommon34 libcrmservice28 libdbus-glib-1-2
    dns:   libheartbeat2 libirs-export161 libisccfg-export163 libknet1 liblrm2
    dns:   liblrmd28 libmysqlclient21 libnet1 libnl-route-3-200 libnozzle1 libnspr4
    dns:   libnss3 libopenhpi3 libopenipmi0 libpacemaker1 libpe-rules26 libpe-status28
    dns:   libpils2 libplumb2 libplumbgpl2 libqb-dev libqb0 libquorum5
    dns:   libsensors-config libsensors5 libsnmp-base libsnmp35 libstatgrab10
    dns:   libstonith1 libstonithd26 libtimedate-perl libvotequorum8 libxml2-utils
    dns:   mysql-common net-tools openhpid pacemaker pacemaker-cli-utils
    dns:   pacemaker-common pacemaker-resource-agents python3-bs4 python3-dateutil
    dns:   python3-html5lib python3-lxml python3-parallax python3-ply python3-soupsieve
    dns:   python3-webencodings resource-agents xsltproc
    dns: The following packages will be upgraded:
    dns:   bind9-dnsutils bind9-libs
    dns: 2 upgraded, 67 newly installed, 0 to remove and 69 not upgraded.
    dns: Need to get 12.6 MB of archives.
    dns: After this operation, 47.9 MB of additional disk space will be used.
    dns: Get:1 http://archive.ubuntu.com/ubuntu focal-updates/main amd64 bind9-dnsutils amd64 1:9.16.1-0ubuntu2.4 [134 kB]
    dns: Get:2 http://archive.ubuntu.com/ubuntu focal-updates/main amd64 bind9-libs amd64 1:9.16.1-0ubuntu2.4 [1,114 kB]
    dns: Get:3 http://archive.ubuntu.com/ubuntu focal/main amd64 python3-ply all 3.11-3build1 [46.4 kB]
    dns: Get:4 http://archive.ubuntu.com/ubuntu focal-updates/main amd64 bind9-utils amd64 1:9.16.1-0ubuntu2.4 [172 kB]
    dns: Get:5 http://archive.ubuntu.com/ubuntu focal/main amd64 dns-root-data all 2019052802 [5,300 B]
    dns: Get:6 http://archive.ubuntu.com/ubuntu focal-updates/main amd64 bind9 amd64 1:9.16.1-0ubuntu2.4 [233 kB]
    dns: Get:7 http://archive.ubuntu.com/ubuntu focal/main amd64 libdbus-glib-1-2 amd64 0.110-5fakssync1 [59.1 kB]
    dns: Get:8 http://archive.ubuntu.com/ubuntu focal/main amd64 libpils2 amd64 1.0.12-15 [17.4 kB]
    dns: Get:9 http://archive.ubuntu.com/ubuntu focal/main amd64 libplumb2 amd64 1.0.12-15 [74.6 kB]
    dns: Get:10 http://archive.ubuntu.com/ubuntu focal/main amd64 liblrm2 amd64 1.0.12-15 [15.8 kB]
    dns: Get:11 http://archive.ubuntu.com/ubuntu focal/main amd64 libopenhpi3 amd64 3.8.0-2build4 [130 kB]
    dns: Get:12 http://archive.ubuntu.com/ubuntu focal/main amd64 libopenipmi0 amd64 2.0.27-0ubuntu2 [456 kB]
    dns: Get:13 http://archive.ubuntu.com/ubuntu focal/main amd64 libplumbgpl2 amd64 1.0.12-15 [7,500 B]
    dns: Get:14 http://archive.ubuntu.com/ubuntu focal/main amd64 mysql-common all 5.8+1.0.5ubuntu2 [7,496 B]
    dns: Get:15 http://archive.ubuntu.com/ubuntu focal-updates/main amd64 libmysqlclient21 amd64 8.0.22-0ubuntu0.20.04.3 [1,226 kB]
    dns: Get:16 http://archive.ubuntu.com/ubuntu focal/main amd64 libsensors-config all 1:3.6.0-2ubuntu1 [6,092 B]
    dns: Get:17 http://archive.ubuntu.com/ubuntu focal/main amd64 libsensors5 amd64 1:3.6.0-2ubuntu1 [27.4 kB]
    dns: Get:18 http://archive.ubuntu.com/ubuntu focal-updates/main amd64 libsnmp-base all 5.8+dfsg-2ubuntu2.3 [206 kB]
    dns: Get:19 http://archive.ubuntu.com/ubuntu focal-updates/main amd64 libsnmp35 amd64 5.8+dfsg-2ubuntu2.3 [978 kB]
    dns: Get:20 http://archive.ubuntu.com/ubuntu focal/main amd64 libstonith1 amd64 1.0.12-15 [12.8 kB]
    dns: Get:21 http://archive.ubuntu.com/ubuntu focal/main amd64 libtimedate-perl all 2.3200-1 [34.0 kB]
    dns: Get:22 http://archive.ubuntu.com/ubuntu focal/main amd64 cluster-glue amd64 1.0.12-15 [257 kB]
    dns: Get:23 http://archive.ubuntu.com/ubuntu focal/main amd64 libcorosync-common4 amd64 3.0.3-2ubuntu2 [7,496 B]
    dns: Get:24 http://archive.ubuntu.com/ubuntu focal/main amd64 libqb0 amd64 1.0.5-1 [63.9 kB]
    dns: Get:25 http://archive.ubuntu.com/ubuntu focal/main amd64 libcfg7 amd64 3.0.3-2ubuntu2 [7,896 B]
    dns: Get:26 http://archive.ubuntu.com/ubuntu focal/main amd64 libcmap4 amd64 3.0.3-2ubuntu2 [9,872 B]
    dns: Get:27 http://archive.ubuntu.com/ubuntu focal/main amd64 libcpg4 amd64 3.0.3-2ubuntu2 [11.8 kB]
    dns: Get:28 http://archive.ubuntu.com/ubuntu focal/main amd64 libnspr4 amd64 2:4.25-1 [107 kB]
    dns: Get:29 http://archive.ubuntu.com/ubuntu focal-updates/main amd64 libnss3 amd64 2:3.49.1-1ubuntu1.5 [1,256 kB]
    dns: Get:30 http://archive.ubuntu.com/ubuntu focal/main amd64 libknet1 amd64 1.15-1ubuntu1 [68.0 kB]
    dns: Get:31 http://archive.ubuntu.com/ubuntu focal/main amd64 libnl-route-3-200 amd64 3.4.0-1 [149 kB]
    dns: Get:32 http://archive.ubuntu.com/ubuntu focal/main amd64 libnozzle1 amd64 1.15-1ubuntu1 [11.4 kB]
    dns: Get:33 http://archive.ubuntu.com/ubuntu focal/main amd64 libquorum5 amd64 3.0.3-2ubuntu2 [6,732 B]
    dns: Get:34 http://archive.ubuntu.com/ubuntu focal/main amd64 libstatgrab10 amd64 0.92-2 [34.9 kB]
    dns: Get:35 http://archive.ubuntu.com/ubuntu focal/main amd64 libvotequorum8 amd64 3.0.3-2ubuntu2 [7,780 B]
    dns: Get:36 http://archive.ubuntu.com/ubuntu focal/main amd64 xsltproc amd64 1.1.34-4 [14.3 kB]
    dns: Get:37 http://archive.ubuntu.com/ubuntu focal/main amd64 libqb-dev amd64 1.0.5-1 [65.4 kB]
    dns: Get:38 http://archive.ubuntu.com/ubuntu focal/main amd64 corosync amd64 3.0.3-2ubuntu2 [230 kB]
    dns: Get:39 http://archive.ubuntu.com/ubuntu focal-updates/main amd64 libcrmcommon34 amd64 2.0.3-3ubuntu4.1 [160 kB]
    dns: Get:40 http://archive.ubuntu.com/ubuntu focal-updates/main amd64 libpe-rules26 amd64 2.0.3-3ubuntu4.1 [27.0 kB]
    dns: Get:41 http://archive.ubuntu.com/ubuntu focal-updates/main amd64 libcib27 amd64 2.0.3-3ubuntu4.1 [51.2 kB]
    dns: Get:42 http://archive.ubuntu.com/ubuntu focal-updates/main amd64 libcrmservice28 amd64 2.0.3-3ubuntu4.1 [38.0 kB]
    dns: Get:43 http://archive.ubuntu.com/ubuntu focal-updates/main amd64 libstonithd26 amd64 2.0.3-3ubuntu4.1 [37.2 kB]
    dns: Get:44 http://archive.ubuntu.com/ubuntu focal-updates/main amd64 liblrmd28 amd64 2.0.3-3ubuntu4.1 [31.1 kB]
    dns: Get:45 http://archive.ubuntu.com/ubuntu focal-updates/main amd64 libpe-status28 amd64 2.0.3-3ubuntu4.1 [128 kB]
    dns: Get:46 http://archive.ubuntu.com/ubuntu focal-updates/main amd64 libpacemaker1 amd64 2.0.3-3ubuntu4.1 [161 kB]
    dns: Get:47 http://archive.ubuntu.com/ubuntu focal-updates/main amd64 pacemaker-cli-utils amd64 2.0.3-3ubuntu4.1 [161 kB]
    dns: Get:48 http://archive.ubuntu.com/ubuntu focal/main amd64 python3-dateutil all 2.7.3-3ubuntu1 [63.3 kB]
    dns: Get:49 http://archive.ubuntu.com/ubuntu focal-updates/main amd64 python3-lxml amd64 4.5.0-1ubuntu0.2 [1,382 kB]
    dns: Get:50 http://archive.ubuntu.com/ubuntu focal/main amd64 python3-parallax all 1.0.5-1 [17.6 kB]
    dns: Get:51 http://archive.ubuntu.com/ubuntu focal/main amd64 crmsh all 4.2.0-2ubuntu1 [500 kB]
    dns: Get:52 http://archive.ubuntu.com/ubuntu focal-updates/main amd64 pacemaker-common all 2.0.3-3ubuntu4.1 [57.3 kB]
    dns: Get:53 http://archive.ubuntu.com/ubuntu focal/main amd64 libnet1 amd64 1.1.6+dfsg-3.1build1 [43.3 kB]
    dns: Get:54 http://archive.ubuntu.com/ubuntu focal-updates/main amd64 resource-agents amd64 1:4.5.0-2ubuntu2.1 [662 kB]
    dns: Get:55 http://archive.ubuntu.com/ubuntu focal-updates/main amd64 pacemaker-resource-agents all 2.0.3-3ubuntu4.1 [45.5 kB]
    dns: Get:56 http://archive.ubuntu.com/ubuntu focal-updates/main amd64 libcrmcluster29 amd64 2.0.3-3ubuntu4.1 [43.9 kB]
    dns: Get:57 http://archive.ubuntu.com/ubuntu focal-updates/main amd64 pacemaker amd64 2.0.3-3ubuntu4.1 [306 kB]
    dns: Get:58 http://archive.ubuntu.com/ubuntu focal/main amd64 libxml2-utils amd64 2.9.10+dfsg-5 [36.9 kB]
    dns: Get:59 http://archive.ubuntu.com/ubuntu focal/universe amd64 libheartbeat2 amd64 1:3.0.6-10build1 [31.4 kB]
    dns: Get:60 http://archive.ubuntu.com/ubuntu focal/universe amd64 heartbeat amd64 1:3.0.6-10build1 [312 kB]
    dns: Get:61 http://archive.ubuntu.com/ubuntu focal-updates/main amd64 libisccfg-export163 amd64 1:9.11.16+dfsg-3~ubuntu1 [45.9 kB]
    dns: Get:62 http://archive.ubuntu.com/ubuntu focal-updates/main amd64 libirs-export161 amd64 1:9.11.16+dfsg-3~ubuntu1 [18.6 kB]
    dns: Get:63 http://archive.ubuntu.com/ubuntu focal/main amd64 isc-dhcp-server amd64 4.4.1-2.1ubuntu5 [453 kB]
    dns: Get:64 http://archive.ubuntu.com/ubuntu focal/main amd64 net-tools amd64 1.60+git20180626.aebd88e-1ubuntu1 [196 kB]
    dns: Get:65 http://archive.ubuntu.com/ubuntu focal/main amd64 openhpid amd64 3.8.0-2build4 [66.7 kB]
    dns: Get:66 http://archive.ubuntu.com/ubuntu focal/main amd64 python3-soupsieve all 1.9.5+dfsg-1 [29.1 kB]
    dns: Get:67 http://archive.ubuntu.com/ubuntu focal/main amd64 python3-bs4 all 4.8.2-1 [83.0 kB]
    dns: Get:68 http://archive.ubuntu.com/ubuntu focal/main amd64 python3-webencodings all 0.5.1-1ubuntu1 [11.0 kB]
    dns: Get:69 http://archive.ubuntu.com/ubuntu focal/main amd64 python3-html5lib all 1.0.1-2 [84.3 kB]
    dns: dpkg-preconfigure: unable to re-open stdin: No such file or directory
    dns: Fetched 12.6 MB in 3s (4,803 kB/s)
    dns: (Reading database ... 
    dns: (Reading database ... 5%
    dns: (Reading database ... 10%
    dns: (Reading database ... 15%
    dns: (Reading database ... 20%
    dns: (Reading database ... 25%
    dns: (Reading database ... 30%
    dns: (Reading database ... 35%
    dns: (Reading database ... 40%
    dns: (Reading database ... 45%
    dns: (Reading database ... 50%
    dns: (Reading database ... 55%
    dns: (Reading database ... 60%
    dns: (Reading database ... 65%
    dns: (Reading database ... 70%
    dns: (Reading database ... 75%
    dns: (Reading database ... 80%
    dns: (Reading database ... 85%
    dns: (Reading database ... 90%
    dns: (Reading database ... 95%
    dns: (Reading database ... 100%(Reading database ... 41303 files and directories currently installed.)
    dns: Preparing to unpack .../00-bind9-dnsutils_1%3a9.16.1-0ubuntu2.4_amd64.deb ...
    dns: Unpacking bind9-dnsutils (1:9.16.1-0ubuntu2.4) over (1:9.16.1-0ubuntu2.3) ...
    dns: Preparing to unpack .../01-bind9-libs_1%3a9.16.1-0ubuntu2.4_amd64.deb ...
    dns: Unpacking bind9-libs:amd64 (1:9.16.1-0ubuntu2.4) over (1:9.16.1-0ubuntu2.3) ...
    dns: Selecting previously unselected package python3-ply.
    dns: Preparing to unpack .../02-python3-ply_3.11-3build1_all.deb ...
    dns: Unpacking python3-ply (3.11-3build1) ...
    dns: Selecting previously unselected package bind9-utils.
    dns: Preparing to unpack .../03-bind9-utils_1%3a9.16.1-0ubuntu2.4_amd64.deb ...
    dns: Unpacking bind9-utils (1:9.16.1-0ubuntu2.4) ...
    dns: Selecting previously unselected package dns-root-data.
    dns: Preparing to unpack .../04-dns-root-data_2019052802_all.deb ...
    dns: Unpacking dns-root-data (2019052802) ...
    dns: Selecting previously unselected package bind9.
    dns: Preparing to unpack .../05-bind9_1%3a9.16.1-0ubuntu2.4_amd64.deb ...
    dns: Unpacking bind9 (1:9.16.1-0ubuntu2.4) ...
    dns: Selecting previously unselected package libdbus-glib-1-2:amd64.
    dns: Preparing to unpack .../06-libdbus-glib-1-2_0.110-5fakssync1_amd64.deb ...
    dns: Unpacking libdbus-glib-1-2:amd64 (0.110-5fakssync1) ...
    dns: Selecting previously unselected package libpils2.
    dns: Preparing to unpack .../07-libpils2_1.0.12-15_amd64.deb ...
    dns: Unpacking libpils2 (1.0.12-15) ...
    dns: Selecting previously unselected package libplumb2.
    dns: Preparing to unpack .../08-libplumb2_1.0.12-15_amd64.deb ...
    dns: Unpacking libplumb2 (1.0.12-15) ...
    dns: Selecting previously unselected package liblrm2.
    dns: Preparing to unpack .../09-liblrm2_1.0.12-15_amd64.deb ...
    dns: Unpacking liblrm2 (1.0.12-15) ...
    dns: Selecting previously unselected package libopenhpi3.
    dns: Preparing to unpack .../10-libopenhpi3_3.8.0-2build4_amd64.deb ...
    dns: Unpacking libopenhpi3 (3.8.0-2build4) ...
    dns: Selecting previously unselected package libopenipmi0.
    dns: Preparing to unpack .../11-libopenipmi0_2.0.27-0ubuntu2_amd64.deb ...
    dns: Unpacking libopenipmi0 (2.0.27-0ubuntu2) ...
    dns: Selecting previously unselected package libplumbgpl2.
    dns: Preparing to unpack .../12-libplumbgpl2_1.0.12-15_amd64.deb ...
    dns: Unpacking libplumbgpl2 (1.0.12-15) ...
    dns: Selecting previously unselected package mysql-common.
    dns: Preparing to unpack .../13-mysql-common_5.8+1.0.5ubuntu2_all.deb ...
    dns: Unpacking mysql-common (5.8+1.0.5ubuntu2) ...
    dns: Selecting previously unselected package libmysqlclient21:amd64.
    dns: Preparing to unpack .../14-libmysqlclient21_8.0.22-0ubuntu0.20.04.3_amd64.deb ...
    dns: Unpacking libmysqlclient21:amd64 (8.0.22-0ubuntu0.20.04.3) ...
    dns: Selecting previously unselected package libsensors-config.
    dns: Preparing to unpack .../15-libsensors-config_1%3a3.6.0-2ubuntu1_all.deb ...
    dns: Unpacking libsensors-config (1:3.6.0-2ubuntu1) ...
    dns: Selecting previously unselected package libsensors5:amd64.
    dns: Preparing to unpack .../16-libsensors5_1%3a3.6.0-2ubuntu1_amd64.deb ...
    dns: Unpacking libsensors5:amd64 (1:3.6.0-2ubuntu1) ...
    dns: Selecting previously unselected package libsnmp-base.
    dns: Preparing to unpack .../17-libsnmp-base_5.8+dfsg-2ubuntu2.3_all.deb ...
    dns: Unpacking libsnmp-base (5.8+dfsg-2ubuntu2.3) ...
    dns: Selecting previously unselected package libsnmp35:amd64.
    dns: Preparing to unpack .../18-libsnmp35_5.8+dfsg-2ubuntu2.3_amd64.deb ...
    dns: Unpacking libsnmp35:amd64 (5.8+dfsg-2ubuntu2.3) ...
    dns: Selecting previously unselected package libstonith1.
    dns: Preparing to unpack .../19-libstonith1_1.0.12-15_amd64.deb ...
    dns: Unpacking libstonith1 (1.0.12-15) ...
    dns: Selecting previously unselected package libtimedate-perl.
    dns: Preparing to unpack .../20-libtimedate-perl_2.3200-1_all.deb ...
    dns: Unpacking libtimedate-perl (2.3200-1) ...
    dns: Selecting previously unselected package cluster-glue.
    dns: Preparing to unpack .../21-cluster-glue_1.0.12-15_amd64.deb ...
    dns: Unpacking cluster-glue (1.0.12-15) ...
    dns: Selecting previously unselected package libcorosync-common4:amd64.
    dns: Preparing to unpack .../22-libcorosync-common4_3.0.3-2ubuntu2_amd64.deb ...
    dns: Unpacking libcorosync-common4:amd64 (3.0.3-2ubuntu2) ...
    dns: Selecting previously unselected package libqb0:amd64.
    dns: Preparing to unpack .../23-libqb0_1.0.5-1_amd64.deb ...
    dns: Unpacking libqb0:amd64 (1.0.5-1) ...
    dns: Selecting previously unselected package libcfg7:amd64.
    dns: Preparing to unpack .../24-libcfg7_3.0.3-2ubuntu2_amd64.deb ...
    dns: Unpacking libcfg7:amd64 (3.0.3-2ubuntu2) ...
    dns: Selecting previously unselected package libcmap4:amd64.
    dns: Preparing to unpack .../25-libcmap4_3.0.3-2ubuntu2_amd64.deb ...
    dns: Unpacking libcmap4:amd64 (3.0.3-2ubuntu2) ...
    dns: Selecting previously unselected package libcpg4:amd64.
    dns: Preparing to unpack .../26-libcpg4_3.0.3-2ubuntu2_amd64.deb ...
    dns: Unpacking libcpg4:amd64 (3.0.3-2ubuntu2) ...
    dns: Selecting previously unselected package libnspr4:amd64.
    dns: Preparing to unpack .../27-libnspr4_2%3a4.25-1_amd64.deb ...
    dns: Unpacking libnspr4:amd64 (2:4.25-1) ...
    dns: Selecting previously unselected package libnss3:amd64.
    dns: Preparing to unpack .../28-libnss3_2%3a3.49.1-1ubuntu1.5_amd64.deb ...
    dns: Unpacking libnss3:amd64 (2:3.49.1-1ubuntu1.5) ...
    dns: Selecting previously unselected package libknet1:amd64.
    dns: Preparing to unpack .../29-libknet1_1.15-1ubuntu1_amd64.deb ...
    dns: Unpacking libknet1:amd64 (1.15-1ubuntu1) ...
    dns: Selecting previously unselected package libnl-route-3-200:amd64.
    dns: Preparing to unpack .../30-libnl-route-3-200_3.4.0-1_amd64.deb ...
    dns: Unpacking libnl-route-3-200:amd64 (3.4.0-1) ...
    dns: Selecting previously unselected package libnozzle1:amd64.
    dns: Preparing to unpack .../31-libnozzle1_1.15-1ubuntu1_amd64.deb ...
    dns: Unpacking libnozzle1:amd64 (1.15-1ubuntu1) ...
    dns: Selecting previously unselected package libquorum5:amd64.
    dns: Preparing to unpack .../32-libquorum5_3.0.3-2ubuntu2_amd64.deb ...
    dns: Unpacking libquorum5:amd64 (3.0.3-2ubuntu2) ...
    dns: Selecting previously unselected package libstatgrab10.
    dns: Preparing to unpack .../33-libstatgrab10_0.92-2_amd64.deb ...
    dns: Unpacking libstatgrab10 (0.92-2) ...
    dns: Selecting previously unselected package libvotequorum8:amd64.
    dns: Preparing to unpack .../34-libvotequorum8_3.0.3-2ubuntu2_amd64.deb ...
    dns: Unpacking libvotequorum8:amd64 (3.0.3-2ubuntu2) ...
    dns: Selecting previously unselected package xsltproc.
    dns: Preparing to unpack .../35-xsltproc_1.1.34-4_amd64.deb ...
    dns: Unpacking xsltproc (1.1.34-4) ...
    dns: Selecting previously unselected package libqb-dev.
    dns: Preparing to unpack .../36-libqb-dev_1.0.5-1_amd64.deb ...
    dns: Unpacking libqb-dev (1.0.5-1) ...
    dns: Selecting previously unselected package corosync.
    dns: Preparing to unpack .../37-corosync_3.0.3-2ubuntu2_amd64.deb ...
    dns: Unpacking corosync (3.0.3-2ubuntu2) ...
    dns: Selecting previously unselected package libcrmcommon34:amd64.
    dns: Preparing to unpack .../38-libcrmcommon34_2.0.3-3ubuntu4.1_amd64.deb ...
    dns: Unpacking libcrmcommon34:amd64 (2.0.3-3ubuntu4.1) ...
    dns: Selecting previously unselected package libpe-rules26:amd64.
    dns: Preparing to unpack .../39-libpe-rules26_2.0.3-3ubuntu4.1_amd64.deb ...
    dns: Unpacking libpe-rules26:amd64 (2.0.3-3ubuntu4.1) ...
    dns: Selecting previously unselected package libcib27:amd64.
    dns: Preparing to unpack .../40-libcib27_2.0.3-3ubuntu4.1_amd64.deb ...
    dns: Unpacking libcib27:amd64 (2.0.3-3ubuntu4.1) ...
    dns: Selecting previously unselected package libcrmservice28:amd64.
    dns: Preparing to unpack .../41-libcrmservice28_2.0.3-3ubuntu4.1_amd64.deb ...
    dns: Unpacking libcrmservice28:amd64 (2.0.3-3ubuntu4.1) ...
    dns: Selecting previously unselected package libstonithd26:amd64.
    dns: Preparing to unpack .../42-libstonithd26_2.0.3-3ubuntu4.1_amd64.deb ...
    dns: Unpacking libstonithd26:amd64 (2.0.3-3ubuntu4.1) ...
    dns: Selecting previously unselected package liblrmd28:amd64.
    dns: Preparing to unpack .../43-liblrmd28_2.0.3-3ubuntu4.1_amd64.deb ...
    dns: Unpacking liblrmd28:amd64 (2.0.3-3ubuntu4.1) ...
    dns: Selecting previously unselected package libpe-status28:amd64.
    dns: Preparing to unpack .../44-libpe-status28_2.0.3-3ubuntu4.1_amd64.deb ...
    dns: Unpacking libpe-status28:amd64 (2.0.3-3ubuntu4.1) ...
    dns: Selecting previously unselected package libpacemaker1:amd64.
    dns: Preparing to unpack .../45-libpacemaker1_2.0.3-3ubuntu4.1_amd64.deb ...
    dns: Unpacking libpacemaker1:amd64 (2.0.3-3ubuntu4.1) ...
    dns: Selecting previously unselected package pacemaker-cli-utils.
    dns: Preparing to unpack .../46-pacemaker-cli-utils_2.0.3-3ubuntu4.1_amd64.deb ...
    dns: Unpacking pacemaker-cli-utils (2.0.3-3ubuntu4.1) ...
    dns: Selecting previously unselected package python3-dateutil.
    dns: Preparing to unpack .../47-python3-dateutil_2.7.3-3ubuntu1_all.deb ...
    dns: Unpacking python3-dateutil (2.7.3-3ubuntu1) ...
    dns: Selecting previously unselected package python3-lxml:amd64.
    dns: Preparing to unpack .../48-python3-lxml_4.5.0-1ubuntu0.2_amd64.deb ...
    dns: Unpacking python3-lxml:amd64 (4.5.0-1ubuntu0.2) ...
    dns: Selecting previously unselected package python3-parallax.
    dns: Preparing to unpack .../49-python3-parallax_1.0.5-1_all.deb ...
    dns: Unpacking python3-parallax (1.0.5-1) ...
    dns: Selecting previously unselected package crmsh.
    dns: Preparing to unpack .../50-crmsh_4.2.0-2ubuntu1_all.deb ...
    dns: Unpacking crmsh (4.2.0-2ubuntu1) ...
    dns: Selecting previously unselected package pacemaker-common.
    dns: Preparing to unpack .../51-pacemaker-common_2.0.3-3ubuntu4.1_all.deb ...
    dns: Unpacking pacemaker-common (2.0.3-3ubuntu4.1) ...
    dns: Selecting previously unselected package libnet1:amd64.
    dns: Preparing to unpack .../52-libnet1_1.1.6+dfsg-3.1build1_amd64.deb ...
    dns: Unpacking libnet1:amd64 (1.1.6+dfsg-3.1build1) ...
    dns: Selecting previously unselected package resource-agents.
    dns: Preparing to unpack .../53-resource-agents_1%3a4.5.0-2ubuntu2.1_amd64.deb ...
    dns: Unpacking resource-agents (1:4.5.0-2ubuntu2.1) ...
    dns: Selecting previously unselected package pacemaker-resource-agents.
    dns: Preparing to unpack .../54-pacemaker-resource-agents_2.0.3-3ubuntu4.1_all.deb ...
    dns: Unpacking pacemaker-resource-agents (2.0.3-3ubuntu4.1) ...
    dns: Selecting previously unselected package libcrmcluster29:amd64.
    dns: Preparing to unpack .../55-libcrmcluster29_2.0.3-3ubuntu4.1_amd64.deb ...
    dns: Unpacking libcrmcluster29:amd64 (2.0.3-3ubuntu4.1) ...
    dns: Selecting previously unselected package pacemaker.
    dns: Preparing to unpack .../56-pacemaker_2.0.3-3ubuntu4.1_amd64.deb ...
    dns: Unpacking pacemaker (2.0.3-3ubuntu4.1) ...
    dns: Selecting previously unselected package libxml2-utils.
    dns: Preparing to unpack .../57-libxml2-utils_2.9.10+dfsg-5_amd64.deb ...
    dns: Unpacking libxml2-utils (2.9.10+dfsg-5) ...
    dns: Selecting previously unselected package libheartbeat2.
    dns: Preparing to unpack .../58-libheartbeat2_1%3a3.0.6-10build1_amd64.deb ...
    dns: Unpacking libheartbeat2 (1:3.0.6-10build1) ...
    dns: Selecting previously unselected package heartbeat.
    dns: Preparing to unpack .../59-heartbeat_1%3a3.0.6-10build1_amd64.deb ...
    dns: Unpacking heartbeat (1:3.0.6-10build1) ...
    dns: Selecting previously unselected package libisccfg-export163.
    dns: Preparing to unpack .../60-libisccfg-export163_1%3a9.11.16+dfsg-3~ubuntu1_amd64.deb ...
    dns: Unpacking libisccfg-export163 (1:9.11.16+dfsg-3~ubuntu1) ...
    dns: Selecting previously unselected package libirs-export161.
    dns: Preparing to unpack .../61-libirs-export161_1%3a9.11.16+dfsg-3~ubuntu1_amd64.deb ...
    dns: Unpacking libirs-export161 (1:9.11.16+dfsg-3~ubuntu1) ...
    dns: Selecting previously unselected package isc-dhcp-server.
    dns: Preparing to unpack .../62-isc-dhcp-server_4.4.1-2.1ubuntu5_amd64.deb ...
    dns: Unpacking isc-dhcp-server (4.4.1-2.1ubuntu5) ...
    dns: Selecting previously unselected package net-tools.
    dns: Preparing to unpack .../63-net-tools_1.60+git20180626.aebd88e-1ubuntu1_amd64.deb ...
    dns: Unpacking net-tools (1.60+git20180626.aebd88e-1ubuntu1) ...
    dns: Selecting previously unselected package openhpid.
    dns: Preparing to unpack .../64-openhpid_3.8.0-2build4_amd64.deb ...
    dns: Unpacking openhpid (3.8.0-2build4) ...
    dns: Selecting previously unselected package python3-soupsieve.
    dns: Preparing to unpack .../65-python3-soupsieve_1.9.5+dfsg-1_all.deb ...
    dns: Unpacking python3-soupsieve (1.9.5+dfsg-1) ...
    dns: Selecting previously unselected package python3-bs4.
    dns: Preparing to unpack .../66-python3-bs4_4.8.2-1_all.deb ...
    dns: Unpacking python3-bs4 (4.8.2-1) ...
    dns: Selecting previously unselected package python3-webencodings.
    dns: Preparing to unpack .../67-python3-webencodings_0.5.1-1ubuntu1_all.deb ...
    dns: Unpacking python3-webencodings (0.5.1-1ubuntu1) ...
    dns: Selecting previously unselected package python3-html5lib.
    dns: Preparing to unpack .../68-python3-html5lib_1.0.1-2_all.deb ...
    dns: Unpacking python3-html5lib (1.0.1-2) ...
    dns: Setting up pacemaker-common (2.0.3-3ubuntu4.1) ...
    dns: Adding group `haclient' (GID 120) ...
    dns: Done.
    dns: Adding system user `hacluster' (UID 114) ...
    dns: Adding new user `hacluster' (UID 114) with group `haclient' ...
    dns: Not creating home directory `/var/lib/pacemaker'.
    dns: 1+0 records in
    dns: 1+0 records out
    dns: 4096 bytes (4.1 kB, 4.0 KiB) copied, 7.112e-05 s, 57.6 MB/s
    dns: Setting up mysql-common (5.8+1.0.5ubuntu2) ...
    dns: update-alternatives: using /etc/mysql/my.cnf.fallback to provide /etc/mysql/my.cnf (my.cnf) in auto mode
    dns: Setting up libmysqlclient21:amd64 (8.0.22-0ubuntu0.20.04.3) ...
    dns: Setting up net-tools (1.60+git20180626.aebd88e-1ubuntu1) ...
    dns: Setting up bind9-libs:amd64 (1:9.16.1-0ubuntu2.4) ...
    dns: Setting up libqb0:amd64 (1.0.5-1) ...
    dns: Setting up libcrmcommon34:amd64 (2.0.3-3ubuntu4.1) ...
    dns: Setting up libsnmp-base (5.8+dfsg-2ubuntu2.3) ...
    dns: Setting up python3-ply (3.11-3build1) ...
    dns: Setting up xsltproc (1.1.34-4) ...
    dns: Setting up libsensors-config (1:3.6.0-2ubuntu1) ...
    dns: Setting up libpils2 (1.0.12-15) ...
    dns: Setting up libcorosync-common4:amd64 (3.0.3-2ubuntu2) ...
    dns: Setting up libnet1:amd64 (1.1.6+dfsg-3.1build1) ...
    dns: Setting up python3-webencodings (0.5.1-1ubuntu1) ...
    dns: Setting up libnl-route-3-200:amd64 (3.4.0-1) ...
    dns: Setting up dns-root-data (2019052802) ...
    dns: Setting up bind9-utils (1:9.16.1-0ubuntu2.4) ...
    dns: Setting up libnspr4:amd64 (2:4.25-1) ...
    dns: Setting up libisccfg-export163 (1:9.11.16+dfsg-3~ubuntu1) ...
    dns: Setting up libdbus-glib-1-2:amd64 (0.110-5fakssync1) ...
    dns: Setting up libplumbgpl2 (1.0.12-15) ...
    dns: Setting up libpe-rules26:amd64 (2.0.3-3ubuntu4.1) ...
    dns: Setting up libcrmservice28:amd64 (2.0.3-3ubuntu4.1) ...
    dns: Setting up libsensors5:amd64 (1:3.6.0-2ubuntu1) ...
    dns: Setting up python3-html5lib (1.0.1-2) ...
    dns: Setting up python3-parallax (1.0.5-1) ...
    dns: update-alternatives: using /usr/lib/parallax/parallax-askpass3 to provide /usr/lib/parallax/parallax-askpass (parallax-askpass) in auto mode
    dns: Setting up libcfg7:amd64 (3.0.3-2ubuntu2) ...
    dns: Setting up libtimedate-perl (2.3200-1) ...
    dns: Setting up libpe-status28:amd64 (2.0.3-3ubuntu4.1) ...
    dns: Setting up python3-lxml:amd64 (4.5.0-1ubuntu0.2) ...
    dns: Setting up bind9 (1:9.16.1-0ubuntu2.4) ...
    dns: Adding group `bind' (GID 121) ...
    dns: Done.
    dns: Adding system user `bind' (UID 115) ...
    dns: Adding new user `bind' (UID 115) with group `bind' ...
    dns: Not creating home directory `/var/cache/bind'.
    dns: wrote key file "/etc/bind/rndc.key"
    dns: named-resolvconf.service is a disabled or a static unit, not starting it.
    dns: Created symlink /etc/systemd/system/bind9.service → /lib/systemd/system/named.service.
    dns: Created symlink /etc/systemd/system/multi-user.target.wants/named.service → /lib/systemd/system/named.service.
    dns: Setting up libstatgrab10 (0.92-2) ...
    dns: Setting up libstonithd26:amd64 (2.0.3-3ubuntu4.1) ...
    dns: Setting up python3-dateutil (2.7.3-3ubuntu1) ...
    dns: Setting up bind9-dnsutils (1:9.16.1-0ubuntu2.4) ...
    dns: Setting up libxml2-utils (2.9.10+dfsg-5) ...
    dns: Setting up libopenipmi0 (2.0.27-0ubuntu2) ...
    dns: Setting up libopenhpi3 (3.8.0-2build4) ...
    dns: Setting up python3-soupsieve (1.9.5+dfsg-1) ...
    dns: Setting up libirs-export161 (1:9.11.16+dfsg-3~ubuntu1) ...
    dns: Setting up libnozzle1:amd64 (1.15-1ubuntu1) ...
    dns: Setting up libvotequorum8:amd64 (3.0.3-2ubuntu2) ...
    dns: Setting up libqb-dev (1.0.5-1) ...
    dns: Setting up libsnmp35:amd64 (5.8+dfsg-2ubuntu2.3) ...
    dns: Setting up libcpg4:amd64 (3.0.3-2ubuntu2) ...
    dns: Setting up libcmap4:amd64 (3.0.3-2ubuntu2) ...
    dns: Setting up libplumb2 (1.0.12-15) ...
    dns: Setting up libquorum5:amd64 (3.0.3-2ubuntu2) ...
    dns: Setting up libstonith1 (1.0.12-15) ...
    dns: Setting up isc-dhcp-server (4.4.1-2.1ubuntu5) ...
    dns: Generating /etc/default/isc-dhcp-server...
    dns: Created symlink /etc/systemd/system/multi-user.target.wants/isc-dhcp-server.service → /lib/systemd/system/isc-dhcp-server.service.
    dns: Created symlink /etc/systemd/system/multi-user.target.wants/isc-dhcp-server6.service → /lib/systemd/system/isc-dhcp-server6.service.
    dns: Setting up libnss3:amd64 (2:3.49.1-1ubuntu1.5) ...
    dns: Setting up libheartbeat2 (1:3.0.6-10build1) ...
    dns: Setting up libcib27:amd64 (2.0.3-3ubuntu4.1) ...
    dns: Setting up python3-bs4 (4.8.2-1) ...
    dns: Setting up libknet1:amd64 (1.15-1ubuntu1) ...
    dns: Setting up liblrm2 (1.0.12-15) ...
    dns: Setting up openhpid (3.8.0-2build4) ...
    dns: Setting up libcrmcluster29:amd64 (2.0.3-3ubuntu4.1) ...
    dns: Setting up liblrmd28:amd64 (2.0.3-3ubuntu4.1) ...
    dns: Setting up corosync (3.0.3-2ubuntu2) ...
    dns: Created symlink /etc/systemd/system/multi-user.target.wants/corosync.service → /lib/systemd/system/corosync.service.
    dns: Setting up libpacemaker1:amd64 (2.0.3-3ubuntu4.1) ...
    dns: Setting up cluster-glue (1.0.12-15) ...
    dns: addgroup: 
    dns: The group `haclient' already exists as a system group. Exiting.
    dns: The system user `hacluster' already exists. Exiting.
    dns: Created symlink /etc/systemd/system/multi-user.target.wants/logd.service → /lib/systemd/system/logd.service.
    dns: Setting up resource-agents (1:4.5.0-2ubuntu2.1) ...
    dns: resource-agents-deps.target is a disabled or a static unit, not starting it.
    dns: Setting up pacemaker-resource-agents (2.0.3-3ubuntu4.1) ...
    dns: Setting up heartbeat (1:3.0.6-10build1) ...
    dns: update-rc.d: warning: start and stop actions are no longer supported; falling back to defaults
    dns: Created symlink /etc/systemd/system/multi-user.target.wants/heartbeat.service → /lib/systemd/system/heartbeat.service.
    dns: Setting up crmsh (4.2.0-2ubuntu1) ...
    dns: Setting up pacemaker (2.0.3-3ubuntu4.1) ...
    dns: Created symlink /etc/systemd/system/multi-user.target.wants/pacemaker.service → /lib/systemd/system/pacemaker.service.
    dns: Setting up pacemaker-cli-utils (2.0.3-3ubuntu4.1) ...
    dns: Processing triggers for libc-bin (2.31-0ubuntu9.1) ...
    dns: Processing triggers for ufw (0.36-6) ...
    dns: Processing triggers for systemd (245.4-4ubuntu3.2) ...
    dns: Processing triggers for man-db (2.9.1-1) ...
==> dns: Running provisioner: shell...
    dns: Running: inline script
==> dns-backup: Importing base box 'bento/ubuntu-20.04'...
[KProgress: 10%[KProgress: 30%[KProgress: 40%[KProgress: 50%[KProgress: 60%[KProgress: 90%[K==> dns-backup: Matching MAC address for NAT networking...
==> dns-backup: Checking if box 'bento/ubuntu-20.04' version '202010.24.0' is up to date...
==> dns-backup: Setting the name of the VM: ECE576A_dns-backup_1607671732940_7069
==> dns-backup: Fixed port collision for 22 => 2222. Now on port 2200.
==> dns-backup: Clearing any previously set network interfaces...
==> dns-backup: Preparing network interfaces based on configuration...
    dns-backup: Adapter 1: nat
    dns-backup: Adapter 2: hostonly
==> dns-backup: Forwarding ports...
    dns-backup: 22 (guest) => 2200 (host) (adapter 1)
==> dns-backup: Running 'pre-boot' VM customizations...
==> dns-backup: Booting VM...
==> dns-backup: Waiting for machine to boot. This may take a few minutes...
    dns-backup: SSH address: 127.0.0.1:2200
    dns-backup: SSH username: vagrant
    dns-backup: SSH auth method: private key
    dns-backup: 
    dns-backup: Vagrant insecure key detected. Vagrant will automatically replace
    dns-backup: this with a newly generated keypair for better security.
    dns-backup: 
    dns-backup: Inserting generated public key within guest...
    dns-backup: Removing insecure key from the guest if it's present...
    dns-backup: Key inserted! Disconnecting and reconnecting using new SSH key...
==> dns-backup: Machine booted and ready!
==> dns-backup: Checking for guest additions in VM...
==> dns-backup: Setting hostname...
==> dns-backup: Configuring and enabling network interfaces...
==> dns-backup: Mounting shared folders...
    dns-backup: /vagrant => /home/mitch/ECE576A
==> dns-backup: Running provisioner: shell...
    dns-backup: Running: inline script
    dns-backup: Hit:1 http://archive.ubuntu.com/ubuntu focal InRelease
    dns-backup: Get:2 http://security.ubuntu.com/ubuntu focal-security InRelease [109 kB]
    dns-backup: Get:3 http://archive.ubuntu.com/ubuntu focal-updates InRelease [114 kB]
    dns-backup: Get:4 http://archive.ubuntu.com/ubuntu focal-backports InRelease [101 kB]
    dns-backup: Get:5 http://security.ubuntu.com/ubuntu focal-security/main i386 Packages [162 kB]
    dns-backup: Get:6 http://archive.ubuntu.com/ubuntu focal-updates/main amd64 Packages [683 kB]
    dns-backup: Get:7 http://security.ubuntu.com/ubuntu focal-security/main amd64 Packages [376 kB]
    dns-backup: Get:8 http://archive.ubuntu.com/ubuntu focal-updates/main i386 Packages [388 kB]
    dns-backup: Get:9 http://security.ubuntu.com/ubuntu focal-security/main Translation-en [87.2 kB]
    dns-backup: Get:10 http://security.ubuntu.com/ubuntu focal-security/restricted amd64 Packages [69.9 kB]
    dns-backup: Get:11 http://security.ubuntu.com/ubuntu focal-security/restricted Translation-en [11.4 kB]
    dns-backup: Get:12 http://security.ubuntu.com/ubuntu focal-security/universe amd64 Packages [521 kB]
    dns-backup: Get:13 http://archive.ubuntu.com/ubuntu focal-updates/main Translation-en [173 kB]
    dns-backup: Get:14 http://archive.ubuntu.com/ubuntu focal-updates/restricted amd64 Packages [96.3 kB]
    dns-backup: Get:15 http://archive.ubuntu.com/ubuntu focal-updates/restricted i386 Packages [13.3 kB]
    dns-backup: Get:16 http://archive.ubuntu.com/ubuntu focal-updates/restricted Translation-en [14.9 kB]
    dns-backup: Get:17 http://archive.ubuntu.com/ubuntu focal-updates/universe amd64 Packages [701 kB]
    dns-backup: Get:18 http://security.ubuntu.com/ubuntu focal-security/universe i386 Packages [413 kB]
    dns-backup: Get:19 http://archive.ubuntu.com/ubuntu focal-updates/universe i386 Packages [522 kB]
    dns-backup: Get:20 http://security.ubuntu.com/ubuntu focal-security/universe Translation-en [68.6 kB]
    dns-backup: Get:21 http://security.ubuntu.com/ubuntu focal-security/multiverse amd64 Packages [1,256 B]
    dns-backup: Get:22 http://archive.ubuntu.com/ubuntu focal-updates/universe Translation-en [138 kB]
    dns-backup: Get:23 http://archive.ubuntu.com/ubuntu focal-updates/multiverse amd64 Packages [20.0 kB]
    dns-backup: Get:24 http://archive.ubuntu.com/ubuntu focal-updates/multiverse i386 Packages [5,868 B]
    dns-backup: Get:25 http://archive.ubuntu.com/ubuntu focal-updates/multiverse Translation-en [4,668 B]
    dns-backup: Get:26 http://archive.ubuntu.com/ubuntu focal-backports/universe amd64 Packages [3,988 B]
    dns-backup: Get:27 http://archive.ubuntu.com/ubuntu focal-backports/universe i386 Packages [2,904 B]
    dns-backup: Fetched 4,800 kB in 2s (2,087 kB/s)
    dns-backup: Reading package lists...
    dns-backup: Reading package lists...
    dns-backup: Building dependency tree...
    dns-backup: Reading state information...
    dns-backup: The following additional packages will be installed:
    dns-backup:   bind9-dnsutils bind9-libs bind9-utils cluster-glue corosync crmsh
    dns-backup:   dns-root-data libcfg7 libcib27 libcmap4 libcorosync-common4 libcpg4
    dns-backup:   libcrmcluster29 libcrmcommon34 libcrmservice28 libdbus-glib-1-2
    dns-backup:   libheartbeat2 libirs-export161 libisccfg-export163 libknet1 liblrm2
    dns-backup:   liblrmd28 libmysqlclient21 libnet1 libnl-route-3-200 libnozzle1 libnspr4
    dns-backup:   libnss3 libopenhpi3 libopenipmi0 libpacemaker1 libpe-rules26 libpe-status28
    dns-backup:   libpils2 libplumb2 libplumbgpl2 libqb-dev libqb0 libquorum5
    dns-backup:   libsensors-config libsensors5 libsnmp-base libsnmp35 libstatgrab10
    dns-backup:   libstonith1 libstonithd26 libtimedate-perl libvotequorum8 libxml2-utils
    dns-backup:   mysql-common net-tools openhpid pacemaker pacemaker-cli-utils
    dns-backup:   pacemaker-common pacemaker-resource-agents python3-bs4 python3-dateutil
    dns-backup:   python3-html5lib python3-lxml python3-parallax python3-ply python3-soupsieve
    dns-backup:   python3-webencodings resource-agents xsltproc
    dns-backup: Suggested packages:
    dns-backup:   bind-doc resolvconf ipmitool bash-completion csync2 ocfs2-tools sbd
    dns-backup:   vim-addon-manager isc-dhcp-server-ldap policycoreutils libqb-doc lm-sensors
    dns-backup:   snmp-mibs-downloader pcs fence-agents python3-genshi python3-lxml-dbg
    dns-backup:   python-lxml-doc python-ply-doc python3-googleapi
    dns-backup: The following NEW packages will be installed:
    dns-backup:   bind9 bind9-utils cluster-glue corosync crmsh dns-root-data heartbeat
    dns-backup:   isc-dhcp-server libcfg7 libcib27 libcmap4 libcorosync-common4 libcpg4
    dns-backup:   libcrmcluster29 libcrmcommon34 libcrmservice28 libdbus-glib-1-2
    dns-backup:   libheartbeat2 libirs-export161 libisccfg-export163 libknet1 liblrm2
    dns-backup:   liblrmd28 libmysqlclient21 libnet1 libnl-route-3-200 libnozzle1 libnspr4
    dns-backup:   libnss3 libopenhpi3 libopenipmi0 libpacemaker1 libpe-rules26 libpe-status28
    dns-backup:   libpils2 libplumb2 libplumbgpl2 libqb-dev libqb0 libquorum5
    dns-backup:   libsensors-config libsensors5 libsnmp-base libsnmp35 libstatgrab10
    dns-backup:   libstonith1 libstonithd26 libtimedate-perl libvotequorum8 libxml2-utils
    dns-backup:   mysql-common net-tools openhpid pacemaker pacemaker-cli-utils
    dns-backup:   pacemaker-common pacemaker-resource-agents python3-bs4 python3-dateutil
    dns-backup:   python3-html5lib python3-lxml python3-parallax python3-ply python3-soupsieve
    dns-backup:   python3-webencodings resource-agents xsltproc
    dns-backup: The following packages will be upgraded:
    dns-backup:   bind9-dnsutils bind9-libs
    dns-backup: 2 upgraded, 67 newly installed, 0 to remove and 69 not upgraded.
    dns-backup: Need to get 12.6 MB of archives.
    dns-backup: After this operation, 47.9 MB of additional disk space will be used.
    dns-backup: Get:1 http://archive.ubuntu.com/ubuntu focal-updates/main amd64 bind9-dnsutils amd64 1:9.16.1-0ubuntu2.4 [134 kB]
    dns-backup: Get:2 http://archive.ubuntu.com/ubuntu focal-updates/main amd64 bind9-libs amd64 1:9.16.1-0ubuntu2.4 [1,114 kB]
    dns-backup: Get:3 http://archive.ubuntu.com/ubuntu focal/main amd64 python3-ply all 3.11-3build1 [46.4 kB]
    dns-backup: Get:4 http://archive.ubuntu.com/ubuntu focal-updates/main amd64 bind9-utils amd64 1:9.16.1-0ubuntu2.4 [172 kB]
    dns-backup: Get:5 http://archive.ubuntu.com/ubuntu focal/main amd64 dns-root-data all 2019052802 [5,300 B]
    dns-backup: Get:6 http://archive.ubuntu.com/ubuntu focal-updates/main amd64 bind9 amd64 1:9.16.1-0ubuntu2.4 [233 kB]
    dns-backup: Get:7 http://archive.ubuntu.com/ubuntu focal/main amd64 libdbus-glib-1-2 amd64 0.110-5fakssync1 [59.1 kB]
    dns-backup: Get:8 http://archive.ubuntu.com/ubuntu focal/main amd64 libpils2 amd64 1.0.12-15 [17.4 kB]
    dns-backup: Get:9 http://archive.ubuntu.com/ubuntu focal/main amd64 libplumb2 amd64 1.0.12-15 [74.6 kB]
    dns-backup: Get:10 http://archive.ubuntu.com/ubuntu focal/main amd64 liblrm2 amd64 1.0.12-15 [15.8 kB]
    dns-backup: Get:11 http://archive.ubuntu.com/ubuntu focal/main amd64 libopenhpi3 amd64 3.8.0-2build4 [130 kB]
    dns-backup: Get:12 http://archive.ubuntu.com/ubuntu focal/main amd64 libopenipmi0 amd64 2.0.27-0ubuntu2 [456 kB]
    dns-backup: Get:13 http://archive.ubuntu.com/ubuntu focal/main amd64 libplumbgpl2 amd64 1.0.12-15 [7,500 B]
    dns-backup: Get:14 http://archive.ubuntu.com/ubuntu focal/main amd64 mysql-common all 5.8+1.0.5ubuntu2 [7,496 B]
    dns-backup: Get:15 http://archive.ubuntu.com/ubuntu focal-updates/main amd64 libmysqlclient21 amd64 8.0.22-0ubuntu0.20.04.3 [1,226 kB]
    dns-backup: Get:16 http://archive.ubuntu.com/ubuntu focal/main amd64 libsensors-config all 1:3.6.0-2ubuntu1 [6,092 B]
    dns-backup: Get:17 http://archive.ubuntu.com/ubuntu focal/main amd64 libsensors5 amd64 1:3.6.0-2ubuntu1 [27.4 kB]
    dns-backup: Get:18 http://archive.ubuntu.com/ubuntu focal-updates/main amd64 libsnmp-base all 5.8+dfsg-2ubuntu2.3 [206 kB]
    dns-backup: Get:19 http://archive.ubuntu.com/ubuntu focal-updates/main amd64 libsnmp35 amd64 5.8+dfsg-2ubuntu2.3 [978 kB]
    dns-backup: Get:20 http://archive.ubuntu.com/ubuntu focal/main amd64 libstonith1 amd64 1.0.12-15 [12.8 kB]
    dns-backup: Get:21 http://archive.ubuntu.com/ubuntu focal/main amd64 libtimedate-perl all 2.3200-1 [34.0 kB]
    dns-backup: Get:22 http://archive.ubuntu.com/ubuntu focal/main amd64 cluster-glue amd64 1.0.12-15 [257 kB]
    dns-backup: Get:23 http://archive.ubuntu.com/ubuntu focal/main amd64 libcorosync-common4 amd64 3.0.3-2ubuntu2 [7,496 B]
    dns-backup: Get:24 http://archive.ubuntu.com/ubuntu focal/main amd64 libqb0 amd64 1.0.5-1 [63.9 kB]
    dns-backup: Get:25 http://archive.ubuntu.com/ubuntu focal/main amd64 libcfg7 amd64 3.0.3-2ubuntu2 [7,896 B]
    dns-backup: Get:26 http://archive.ubuntu.com/ubuntu focal/main amd64 libcmap4 amd64 3.0.3-2ubuntu2 [9,872 B]
    dns-backup: Get:27 http://archive.ubuntu.com/ubuntu focal/main amd64 libcpg4 amd64 3.0.3-2ubuntu2 [11.8 kB]
    dns-backup: Get:28 http://archive.ubuntu.com/ubuntu focal/main amd64 libnspr4 amd64 2:4.25-1 [107 kB]
    dns-backup: Get:29 http://archive.ubuntu.com/ubuntu focal-updates/main amd64 libnss3 amd64 2:3.49.1-1ubuntu1.5 [1,256 kB]
    dns-backup: Get:30 http://archive.ubuntu.com/ubuntu focal/main amd64 libknet1 amd64 1.15-1ubuntu1 [68.0 kB]
    dns-backup: Get:31 http://archive.ubuntu.com/ubuntu focal/main amd64 libnl-route-3-200 amd64 3.4.0-1 [149 kB]
    dns-backup: Get:32 http://archive.ubuntu.com/ubuntu focal/main amd64 libnozzle1 amd64 1.15-1ubuntu1 [11.4 kB]
    dns-backup: Get:33 http://archive.ubuntu.com/ubuntu focal/main amd64 libquorum5 amd64 3.0.3-2ubuntu2 [6,732 B]
    dns-backup: Get:34 http://archive.ubuntu.com/ubuntu focal/main amd64 libstatgrab10 amd64 0.92-2 [34.9 kB]
    dns-backup: Get:35 http://archive.ubuntu.com/ubuntu focal/main amd64 libvotequorum8 amd64 3.0.3-2ubuntu2 [7,780 B]
    dns-backup: Get:36 http://archive.ubuntu.com/ubuntu focal/main amd64 xsltproc amd64 1.1.34-4 [14.3 kB]
    dns-backup: Get:37 http://archive.ubuntu.com/ubuntu focal/main amd64 libqb-dev amd64 1.0.5-1 [65.4 kB]
    dns-backup: Get:38 http://archive.ubuntu.com/ubuntu focal/main amd64 corosync amd64 3.0.3-2ubuntu2 [230 kB]
    dns-backup: Get:39 http://archive.ubuntu.com/ubuntu focal-updates/main amd64 libcrmcommon34 amd64 2.0.3-3ubuntu4.1 [160 kB]
    dns-backup: Get:40 http://archive.ubuntu.com/ubuntu focal-updates/main amd64 libpe-rules26 amd64 2.0.3-3ubuntu4.1 [27.0 kB]
    dns-backup: Get:41 http://archive.ubuntu.com/ubuntu focal-updates/main amd64 libcib27 amd64 2.0.3-3ubuntu4.1 [51.2 kB]
    dns-backup: Get:42 http://archive.ubuntu.com/ubuntu focal-updates/main amd64 libcrmservice28 amd64 2.0.3-3ubuntu4.1 [38.0 kB]
    dns-backup: Get:43 http://archive.ubuntu.com/ubuntu focal-updates/main amd64 libstonithd26 amd64 2.0.3-3ubuntu4.1 [37.2 kB]
    dns-backup: Get:44 http://archive.ubuntu.com/ubuntu focal-updates/main amd64 liblrmd28 amd64 2.0.3-3ubuntu4.1 [31.1 kB]
    dns-backup: Get:45 http://archive.ubuntu.com/ubuntu focal-updates/main amd64 libpe-status28 amd64 2.0.3-3ubuntu4.1 [128 kB]
    dns-backup: Get:46 http://archive.ubuntu.com/ubuntu focal-updates/main amd64 libpacemaker1 amd64 2.0.3-3ubuntu4.1 [161 kB]
    dns-backup: Get:47 http://archive.ubuntu.com/ubuntu focal-updates/main amd64 pacemaker-cli-utils amd64 2.0.3-3ubuntu4.1 [161 kB]
    dns-backup: Get:48 http://archive.ubuntu.com/ubuntu focal/main amd64 python3-dateutil all 2.7.3-3ubuntu1 [63.3 kB]
    dns-backup: Get:49 http://archive.ubuntu.com/ubuntu focal-updates/main amd64 python3-lxml amd64 4.5.0-1ubuntu0.2 [1,382 kB]
    dns-backup: Get:50 http://archive.ubuntu.com/ubuntu focal/main amd64 python3-parallax all 1.0.5-1 [17.6 kB]
    dns-backup: Get:51 http://archive.ubuntu.com/ubuntu focal/main amd64 crmsh all 4.2.0-2ubuntu1 [500 kB]
    dns-backup: Get:52 http://archive.ubuntu.com/ubuntu focal-updates/main amd64 pacemaker-common all 2.0.3-3ubuntu4.1 [57.3 kB]
    dns-backup: Get:53 http://archive.ubuntu.com/ubuntu focal/main amd64 libnet1 amd64 1.1.6+dfsg-3.1build1 [43.3 kB]
    dns-backup: Get:54 http://archive.ubuntu.com/ubuntu focal-updates/main amd64 resource-agents amd64 1:4.5.0-2ubuntu2.1 [662 kB]
    dns-backup: Get:55 http://archive.ubuntu.com/ubuntu focal-updates/main amd64 pacemaker-resource-agents all 2.0.3-3ubuntu4.1 [45.5 kB]
    dns-backup: Get:56 http://archive.ubuntu.com/ubuntu focal-updates/main amd64 libcrmcluster29 amd64 2.0.3-3ubuntu4.1 [43.9 kB]
    dns-backup: Get:57 http://archive.ubuntu.com/ubuntu focal-updates/main amd64 pacemaker amd64 2.0.3-3ubuntu4.1 [306 kB]
    dns-backup: Get:58 http://archive.ubuntu.com/ubuntu focal/main amd64 libxml2-utils amd64 2.9.10+dfsg-5 [36.9 kB]
    dns-backup: Get:59 http://archive.ubuntu.com/ubuntu focal/universe amd64 libheartbeat2 amd64 1:3.0.6-10build1 [31.4 kB]
    dns-backup: Get:60 http://archive.ubuntu.com/ubuntu focal/universe amd64 heartbeat amd64 1:3.0.6-10build1 [312 kB]
    dns-backup: Get:61 http://archive.ubuntu.com/ubuntu focal-updates/main amd64 libisccfg-export163 amd64 1:9.11.16+dfsg-3~ubuntu1 [45.9 kB]
    dns-backup: Get:62 http://archive.ubuntu.com/ubuntu focal-updates/main amd64 libirs-export161 amd64 1:9.11.16+dfsg-3~ubuntu1 [18.6 kB]
    dns-backup: Get:63 http://archive.ubuntu.com/ubuntu focal/main amd64 isc-dhcp-server amd64 4.4.1-2.1ubuntu5 [453 kB]
    dns-backup: Get:64 http://archive.ubuntu.com/ubuntu focal/main amd64 net-tools amd64 1.60+git20180626.aebd88e-1ubuntu1 [196 kB]
    dns-backup: Get:65 http://archive.ubuntu.com/ubuntu focal/main amd64 openhpid amd64 3.8.0-2build4 [66.7 kB]
    dns-backup: Get:66 http://archive.ubuntu.com/ubuntu focal/main amd64 python3-soupsieve all 1.9.5+dfsg-1 [29.1 kB]
    dns-backup: Get:67 http://archive.ubuntu.com/ubuntu focal/main amd64 python3-bs4 all 4.8.2-1 [83.0 kB]
    dns-backup: Get:68 http://archive.ubuntu.com/ubuntu focal/main amd64 python3-webencodings all 0.5.1-1ubuntu1 [11.0 kB]
    dns-backup: Get:69 http://archive.ubuntu.com/ubuntu focal/main amd64 python3-html5lib all 1.0.1-2 [84.3 kB]
    dns-backup: dpkg-preconfigure: unable to re-open stdin: No such file or directory
    dns-backup: Fetched 12.6 MB in 3s (4,382 kB/s)
    dns-backup: (Reading database ... 
    dns-backup: (Reading database ... 5%
    dns-backup: (Reading database ... 10%(Reading database ... 15%(Reading database ... 20%(Reading database ... 25%(Reading database ... 30%(Reading database ... 35%(Reading database ... 40%(Reading database ... 45%(Reading database ... 50%(Reading database ... 55%
    dns-backup: (Reading database ... 60%
    dns-backup: (Reading database ... 65%
    dns-backup: (Reading database ... 70%
    dns-backup: (Reading database ... 75%
    dns-backup: (Reading database ... 80%
    dns-backup: (Reading database ... 85%
    dns-backup: (Reading database ... 90%
    dns-backup: (Reading database ... 95%
    dns-backup: (Reading database ... 100%
    dns-backup: (Reading database ... 41303 files and directories currently installed.)
    dns-backup: Preparing to unpack .../00-bind9-dnsutils_1%3a9.16.1-0ubuntu2.4_amd64.deb ...
    dns-backup: Unpacking bind9-dnsutils (1:9.16.1-0ubuntu2.4) over (1:9.16.1-0ubuntu2.3) ...
    dns-backup: Preparing to unpack .../01-bind9-libs_1%3a9.16.1-0ubuntu2.4_amd64.deb ...
    dns-backup: Unpacking bind9-libs:amd64 (1:9.16.1-0ubuntu2.4) over (1:9.16.1-0ubuntu2.3) ...
    dns-backup: Selecting previously unselected package python3-ply.
    dns-backup: Preparing to unpack .../02-python3-ply_3.11-3build1_all.deb ...
    dns-backup: Unpacking python3-ply (3.11-3build1) ...
    dns-backup: Selecting previously unselected package bind9-utils.
    dns-backup: Preparing to unpack .../03-bind9-utils_1%3a9.16.1-0ubuntu2.4_amd64.deb ...
    dns-backup: Unpacking bind9-utils (1:9.16.1-0ubuntu2.4) ...
    dns-backup: Selecting previously unselected package dns-root-data.
    dns-backup: Preparing to unpack .../04-dns-root-data_2019052802_all.deb ...
    dns-backup: Unpacking dns-root-data (2019052802) ...
    dns-backup: Selecting previously unselected package bind9.
    dns-backup: Preparing to unpack .../05-bind9_1%3a9.16.1-0ubuntu2.4_amd64.deb ...
    dns-backup: Unpacking bind9 (1:9.16.1-0ubuntu2.4) ...
    dns-backup: Selecting previously unselected package libdbus-glib-1-2:amd64.
    dns-backup: Preparing to unpack .../06-libdbus-glib-1-2_0.110-5fakssync1_amd64.deb ...
    dns-backup: Unpacking libdbus-glib-1-2:amd64 (0.110-5fakssync1) ...
    dns-backup: Selecting previously unselected package libpils2.
    dns-backup: Preparing to unpack .../07-libpils2_1.0.12-15_amd64.deb ...
    dns-backup: Unpacking libpils2 (1.0.12-15) ...
    dns-backup: Selecting previously unselected package libplumb2.
    dns-backup: Preparing to unpack .../08-libplumb2_1.0.12-15_amd64.deb ...
    dns-backup: Unpacking libplumb2 (1.0.12-15) ...
    dns-backup: Selecting previously unselected package liblrm2.
    dns-backup: Preparing to unpack .../09-liblrm2_1.0.12-15_amd64.deb ...
    dns-backup: Unpacking liblrm2 (1.0.12-15) ...
    dns-backup: Selecting previously unselected package libopenhpi3.
    dns-backup: Preparing to unpack .../10-libopenhpi3_3.8.0-2build4_amd64.deb ...
    dns-backup: Unpacking libopenhpi3 (3.8.0-2build4) ...
    dns-backup: Selecting previously unselected package libopenipmi0.
    dns-backup: Preparing to unpack .../11-libopenipmi0_2.0.27-0ubuntu2_amd64.deb ...
    dns-backup: Unpacking libopenipmi0 (2.0.27-0ubuntu2) ...
    dns-backup: Selecting previously unselected package libplumbgpl2.
    dns-backup: Preparing to unpack .../12-libplumbgpl2_1.0.12-15_amd64.deb ...
    dns-backup: Unpacking libplumbgpl2 (1.0.12-15) ...
    dns-backup: Selecting previously unselected package mysql-common.
    dns-backup: Preparing to unpack .../13-mysql-common_5.8+1.0.5ubuntu2_all.deb ...
    dns-backup: Unpacking mysql-common (5.8+1.0.5ubuntu2) ...
    dns-backup: Selecting previously unselected package libmysqlclient21:amd64.
    dns-backup: Preparing to unpack .../14-libmysqlclient21_8.0.22-0ubuntu0.20.04.3_amd64.deb ...
    dns-backup: Unpacking libmysqlclient21:amd64 (8.0.22-0ubuntu0.20.04.3) ...
    dns-backup: Selecting previously unselected package libsensors-config.
    dns-backup: Preparing to unpack .../15-libsensors-config_1%3a3.6.0-2ubuntu1_all.deb ...
    dns-backup: Unpacking libsensors-config (1:3.6.0-2ubuntu1) ...
    dns-backup: Selecting previously unselected package libsensors5:amd64.
    dns-backup: Preparing to unpack .../16-libsensors5_1%3a3.6.0-2ubuntu1_amd64.deb ...
    dns-backup: Unpacking libsensors5:amd64 (1:3.6.0-2ubuntu1) ...
    dns-backup: Selecting previously unselected package libsnmp-base.
    dns-backup: Preparing to unpack .../17-libsnmp-base_5.8+dfsg-2ubuntu2.3_all.deb ...
    dns-backup: Unpacking libsnmp-base (5.8+dfsg-2ubuntu2.3) ...
    dns-backup: Selecting previously unselected package libsnmp35:amd64.
    dns-backup: Preparing to unpack .../18-libsnmp35_5.8+dfsg-2ubuntu2.3_amd64.deb ...
    dns-backup: Unpacking libsnmp35:amd64 (5.8+dfsg-2ubuntu2.3) ...
    dns-backup: Selecting previously unselected package libstonith1.
    dns-backup: Preparing to unpack .../19-libstonith1_1.0.12-15_amd64.deb ...
    dns-backup: Unpacking libstonith1 (1.0.12-15) ...
    dns-backup: Selecting previously unselected package libtimedate-perl.
    dns-backup: Preparing to unpack .../20-libtimedate-perl_2.3200-1_all.deb ...
    dns-backup: Unpacking libtimedate-perl (2.3200-1) ...
    dns-backup: Selecting previously unselected package cluster-glue.
    dns-backup: Preparing to unpack .../21-cluster-glue_1.0.12-15_amd64.deb ...
    dns-backup: Unpacking cluster-glue (1.0.12-15) ...
    dns-backup: Selecting previously unselected package libcorosync-common4:amd64.
    dns-backup: Preparing to unpack .../22-libcorosync-common4_3.0.3-2ubuntu2_amd64.deb ...
    dns-backup: Unpacking libcorosync-common4:amd64 (3.0.3-2ubuntu2) ...
    dns-backup: Selecting previously unselected package libqb0:amd64.
    dns-backup: Preparing to unpack .../23-libqb0_1.0.5-1_amd64.deb ...
    dns-backup: Unpacking libqb0:amd64 (1.0.5-1) ...
    dns-backup: Selecting previously unselected package libcfg7:amd64.
    dns-backup: Preparing to unpack .../24-libcfg7_3.0.3-2ubuntu2_amd64.deb ...
    dns-backup: Unpacking libcfg7:amd64 (3.0.3-2ubuntu2) ...
    dns-backup: Selecting previously unselected package libcmap4:amd64.
    dns-backup: Preparing to unpack .../25-libcmap4_3.0.3-2ubuntu2_amd64.deb ...
    dns-backup: Unpacking libcmap4:amd64 (3.0.3-2ubuntu2) ...
    dns-backup: Selecting previously unselected package libcpg4:amd64.
    dns-backup: Preparing to unpack .../26-libcpg4_3.0.3-2ubuntu2_amd64.deb ...
    dns-backup: Unpacking libcpg4:amd64 (3.0.3-2ubuntu2) ...
    dns-backup: Selecting previously unselected package libnspr4:amd64.
    dns-backup: Preparing to unpack .../27-libnspr4_2%3a4.25-1_amd64.deb ...
    dns-backup: Unpacking libnspr4:amd64 (2:4.25-1) ...
    dns-backup: Selecting previously unselected package libnss3:amd64.
    dns-backup: Preparing to unpack .../28-libnss3_2%3a3.49.1-1ubuntu1.5_amd64.deb ...
    dns-backup: Unpacking libnss3:amd64 (2:3.49.1-1ubuntu1.5) ...
    dns-backup: Selecting previously unselected package libknet1:amd64.
    dns-backup: Preparing to unpack .../29-libknet1_1.15-1ubuntu1_amd64.deb ...
    dns-backup: Unpacking libknet1:amd64 (1.15-1ubuntu1) ...
    dns-backup: Selecting previously unselected package libnl-route-3-200:amd64.
    dns-backup: Preparing to unpack .../30-libnl-route-3-200_3.4.0-1_amd64.deb ...
    dns-backup: Unpacking libnl-route-3-200:amd64 (3.4.0-1) ...
    dns-backup: Selecting previously unselected package libnozzle1:amd64.
    dns-backup: Preparing to unpack .../31-libnozzle1_1.15-1ubuntu1_amd64.deb ...
    dns-backup: Unpacking libnozzle1:amd64 (1.15-1ubuntu1) ...
    dns-backup: Selecting previously unselected package libquorum5:amd64.
    dns-backup: Preparing to unpack .../32-libquorum5_3.0.3-2ubuntu2_amd64.deb ...
    dns-backup: Unpacking libquorum5:amd64 (3.0.3-2ubuntu2) ...
    dns-backup: Selecting previously unselected package libstatgrab10.
    dns-backup: Preparing to unpack .../33-libstatgrab10_0.92-2_amd64.deb ...
    dns-backup: Unpacking libstatgrab10 (0.92-2) ...
    dns-backup: Selecting previously unselected package libvotequorum8:amd64.
    dns-backup: Preparing to unpack .../34-libvotequorum8_3.0.3-2ubuntu2_amd64.deb ...
    dns-backup: Unpacking libvotequorum8:amd64 (3.0.3-2ubuntu2) ...
    dns-backup: Selecting previously unselected package xsltproc.
    dns-backup: Preparing to unpack .../35-xsltproc_1.1.34-4_amd64.deb ...
    dns-backup: Unpacking xsltproc (1.1.34-4) ...
    dns-backup: Selecting previously unselected package libqb-dev.
    dns-backup: Preparing to unpack .../36-libqb-dev_1.0.5-1_amd64.deb ...
    dns-backup: Unpacking libqb-dev (1.0.5-1) ...
    dns-backup: Selecting previously unselected package corosync.
    dns-backup: Preparing to unpack .../37-corosync_3.0.3-2ubuntu2_amd64.deb ...
    dns-backup: Unpacking corosync (3.0.3-2ubuntu2) ...
    dns-backup: Selecting previously unselected package libcrmcommon34:amd64.
    dns-backup: Preparing to unpack .../38-libcrmcommon34_2.0.3-3ubuntu4.1_amd64.deb ...
    dns-backup: Unpacking libcrmcommon34:amd64 (2.0.3-3ubuntu4.1) ...
    dns-backup: Selecting previously unselected package libpe-rules26:amd64.
    dns-backup: Preparing to unpack .../39-libpe-rules26_2.0.3-3ubuntu4.1_amd64.deb ...
    dns-backup: Unpacking libpe-rules26:amd64 (2.0.3-3ubuntu4.1) ...
    dns-backup: Selecting previously unselected package libcib27:amd64.
    dns-backup: Preparing to unpack .../40-libcib27_2.0.3-3ubuntu4.1_amd64.deb ...
    dns-backup: Unpacking libcib27:amd64 (2.0.3-3ubuntu4.1) ...
    dns-backup: Selecting previously unselected package libcrmservice28:amd64.
    dns-backup: Preparing to unpack .../41-libcrmservice28_2.0.3-3ubuntu4.1_amd64.deb ...
    dns-backup: Unpacking libcrmservice28:amd64 (2.0.3-3ubuntu4.1) ...
    dns-backup: Selecting previously unselected package libstonithd26:amd64.
    dns-backup: Preparing to unpack .../42-libstonithd26_2.0.3-3ubuntu4.1_amd64.deb ...
    dns-backup: Unpacking libstonithd26:amd64 (2.0.3-3ubuntu4.1) ...
    dns-backup: Selecting previously unselected package liblrmd28:amd64.
    dns-backup: Preparing to unpack .../43-liblrmd28_2.0.3-3ubuntu4.1_amd64.deb ...
    dns-backup: Unpacking liblrmd28:amd64 (2.0.3-3ubuntu4.1) ...
    dns-backup: Selecting previously unselected package libpe-status28:amd64.
    dns-backup: Preparing to unpack .../44-libpe-status28_2.0.3-3ubuntu4.1_amd64.deb ...
    dns-backup: Unpacking libpe-status28:amd64 (2.0.3-3ubuntu4.1) ...
    dns-backup: Selecting previously unselected package libpacemaker1:amd64.
    dns-backup: Preparing to unpack .../45-libpacemaker1_2.0.3-3ubuntu4.1_amd64.deb ...
    dns-backup: Unpacking libpacemaker1:amd64 (2.0.3-3ubuntu4.1) ...
    dns-backup: Selecting previously unselected package pacemaker-cli-utils.
    dns-backup: Preparing to unpack .../46-pacemaker-cli-utils_2.0.3-3ubuntu4.1_amd64.deb ...
    dns-backup: Unpacking pacemaker-cli-utils (2.0.3-3ubuntu4.1) ...
    dns-backup: Selecting previously unselected package python3-dateutil.
    dns-backup: Preparing to unpack .../47-python3-dateutil_2.7.3-3ubuntu1_all.deb ...
    dns-backup: Unpacking python3-dateutil (2.7.3-3ubuntu1) ...
    dns-backup: Selecting previously unselected package python3-lxml:amd64.
    dns-backup: Preparing to unpack .../48-python3-lxml_4.5.0-1ubuntu0.2_amd64.deb ...
    dns-backup: Unpacking python3-lxml:amd64 (4.5.0-1ubuntu0.2) ...
    dns-backup: Selecting previously unselected package python3-parallax.
    dns-backup: Preparing to unpack .../49-python3-parallax_1.0.5-1_all.deb ...
    dns-backup: Unpacking python3-parallax (1.0.5-1) ...
    dns-backup: Selecting previously unselected package crmsh.
    dns-backup: Preparing to unpack .../50-crmsh_4.2.0-2ubuntu1_all.deb ...
    dns-backup: Unpacking crmsh (4.2.0-2ubuntu1) ...
    dns-backup: Selecting previously unselected package pacemaker-common.
    dns-backup: Preparing to unpack .../51-pacemaker-common_2.0.3-3ubuntu4.1_all.deb ...
    dns-backup: Unpacking pacemaker-common (2.0.3-3ubuntu4.1) ...
    dns-backup: Selecting previously unselected package libnet1:amd64.
    dns-backup: Preparing to unpack .../52-libnet1_1.1.6+dfsg-3.1build1_amd64.deb ...
    dns-backup: Unpacking libnet1:amd64 (1.1.6+dfsg-3.1build1) ...
    dns-backup: Selecting previously unselected package resource-agents.
    dns-backup: Preparing to unpack .../53-resource-agents_1%3a4.5.0-2ubuntu2.1_amd64.deb ...
    dns-backup: Unpacking resource-agents (1:4.5.0-2ubuntu2.1) ...
    dns-backup: Selecting previously unselected package pacemaker-resource-agents.
    dns-backup: Preparing to unpack .../54-pacemaker-resource-agents_2.0.3-3ubuntu4.1_all.deb ...
    dns-backup: Unpacking pacemaker-resource-agents (2.0.3-3ubuntu4.1) ...
    dns-backup: Selecting previously unselected package libcrmcluster29:amd64.
    dns-backup: Preparing to unpack .../55-libcrmcluster29_2.0.3-3ubuntu4.1_amd64.deb ...
    dns-backup: Unpacking libcrmcluster29:amd64 (2.0.3-3ubuntu4.1) ...
    dns-backup: Selecting previously unselected package pacemaker.
    dns-backup: Preparing to unpack .../56-pacemaker_2.0.3-3ubuntu4.1_amd64.deb ...
    dns-backup: Unpacking pacemaker (2.0.3-3ubuntu4.1) ...
    dns-backup: Selecting previously unselected package libxml2-utils.
    dns-backup: Preparing to unpack .../57-libxml2-utils_2.9.10+dfsg-5_amd64.deb ...
    dns-backup: Unpacking libxml2-utils (2.9.10+dfsg-5) ...
    dns-backup: Selecting previously unselected package libheartbeat2.
    dns-backup: Preparing to unpack .../58-libheartbeat2_1%3a3.0.6-10build1_amd64.deb ...
    dns-backup: Unpacking libheartbeat2 (1:3.0.6-10build1) ...
    dns-backup: Selecting previously unselected package heartbeat.
    dns-backup: Preparing to unpack .../59-heartbeat_1%3a3.0.6-10build1_amd64.deb ...
    dns-backup: Unpacking heartbeat (1:3.0.6-10build1) ...
    dns-backup: Selecting previously unselected package libisccfg-export163.
    dns-backup: Preparing to unpack .../60-libisccfg-export163_1%3a9.11.16+dfsg-3~ubuntu1_amd64.deb ...
    dns-backup: Unpacking libisccfg-export163 (1:9.11.16+dfsg-3~ubuntu1) ...
    dns-backup: Selecting previously unselected package libirs-export161.
    dns-backup: Preparing to unpack .../61-libirs-export161_1%3a9.11.16+dfsg-3~ubuntu1_amd64.deb ...
    dns-backup: Unpacking libirs-export161 (1:9.11.16+dfsg-3~ubuntu1) ...
    dns-backup: Selecting previously unselected package isc-dhcp-server.
    dns-backup: Preparing to unpack .../62-isc-dhcp-server_4.4.1-2.1ubuntu5_amd64.deb ...
    dns-backup: Unpacking isc-dhcp-server (4.4.1-2.1ubuntu5) ...
    dns-backup: Selecting previously unselected package net-tools.
    dns-backup: Preparing to unpack .../63-net-tools_1.60+git20180626.aebd88e-1ubuntu1_amd64.deb ...
    dns-backup: Unpacking net-tools (1.60+git20180626.aebd88e-1ubuntu1) ...
    dns-backup: Selecting previously unselected package openhpid.
    dns-backup: Preparing to unpack .../64-openhpid_3.8.0-2build4_amd64.deb ...
    dns-backup: Unpacking openhpid (3.8.0-2build4) ...
    dns-backup: Selecting previously unselected package python3-soupsieve.
    dns-backup: Preparing to unpack .../65-python3-soupsieve_1.9.5+dfsg-1_all.deb ...
    dns-backup: Unpacking python3-soupsieve (1.9.5+dfsg-1) ...
    dns-backup: Selecting previously unselected package python3-bs4.
    dns-backup: Preparing to unpack .../66-python3-bs4_4.8.2-1_all.deb ...
    dns-backup: Unpacking python3-bs4 (4.8.2-1) ...
    dns-backup: Selecting previously unselected package python3-webencodings.
    dns-backup: Preparing to unpack .../67-python3-webencodings_0.5.1-1ubuntu1_all.deb ...
    dns-backup: Unpacking python3-webencodings (0.5.1-1ubuntu1) ...
    dns-backup: Selecting previously unselected package python3-html5lib.
    dns-backup: Preparing to unpack .../68-python3-html5lib_1.0.1-2_all.deb ...
    dns-backup: Unpacking python3-html5lib (1.0.1-2) ...
    dns-backup: Setting up pacemaker-common (2.0.3-3ubuntu4.1) ...
    dns-backup: Adding group `haclient' (GID 120) ...
    dns-backup: Done.
    dns-backup: Adding system user `hacluster' (UID 114) ...
    dns-backup: Adding new user `hacluster' (UID 114) with group `haclient' ...
    dns-backup: Not creating home directory `/var/lib/pacemaker'.
    dns-backup: 1+0 records in
    dns-backup: 1+0 records out
    dns-backup: 4096 bytes (4.1 kB, 4.0 KiB) copied, 0.000108579 s, 37.7 MB/s
    dns-backup: Setting up mysql-common (5.8+1.0.5ubuntu2) ...
    dns-backup: update-alternatives: 
    dns-backup: using /etc/mysql/my.cnf.fallback to provide /etc/mysql/my.cnf (my.cnf) in auto mode
    dns-backup: Setting up libmysqlclient21:amd64 (8.0.22-0ubuntu0.20.04.3) ...
    dns-backup: Setting up net-tools (1.60+git20180626.aebd88e-1ubuntu1) ...
    dns-backup: Setting up bind9-libs:amd64 (1:9.16.1-0ubuntu2.4) ...
    dns-backup: Setting up libqb0:amd64 (1.0.5-1) ...
    dns-backup: Setting up libcrmcommon34:amd64 (2.0.3-3ubuntu4.1) ...
    dns-backup: Setting up libsnmp-base (5.8+dfsg-2ubuntu2.3) ...
    dns-backup: Setting up python3-ply (3.11-3build1) ...
    dns-backup: Setting up xsltproc (1.1.34-4) ...
    dns-backup: Setting up libsensors-config (1:3.6.0-2ubuntu1) ...
    dns-backup: Setting up libpils2 (1.0.12-15) ...
    dns-backup: Setting up libcorosync-common4:amd64 (3.0.3-2ubuntu2) ...
    dns-backup: Setting up libnet1:amd64 (1.1.6+dfsg-3.1build1) ...
    dns-backup: Setting up python3-webencodings (0.5.1-1ubuntu1) ...
    dns-backup: Setting up libnl-route-3-200:amd64 (3.4.0-1) ...
    dns-backup: Setting up dns-root-data (2019052802) ...
    dns-backup: Setting up bind9-utils (1:9.16.1-0ubuntu2.4) ...
    dns-backup: Setting up libnspr4:amd64 (2:4.25-1) ...
    dns-backup: Setting up libisccfg-export163 (1:9.11.16+dfsg-3~ubuntu1) ...
    dns-backup: Setting up libdbus-glib-1-2:amd64 (0.110-5fakssync1) ...
    dns-backup: Setting up libplumbgpl2 (1.0.12-15) ...
    dns-backup: Setting up libpe-rules26:amd64 (2.0.3-3ubuntu4.1) ...
    dns-backup: Setting up libcrmservice28:amd64 (2.0.3-3ubuntu4.1) ...
    dns-backup: Setting up libsensors5:amd64 (1:3.6.0-2ubuntu1) ...
    dns-backup: Setting up python3-html5lib (1.0.1-2) ...
    dns-backup: Setting up python3-parallax (1.0.5-1) ...
    dns-backup: update-alternatives: 
    dns-backup: using /usr/lib/parallax/parallax-askpass3 to provide /usr/lib/parallax/parallax-askpass (parallax-askpass) in auto mode
    dns-backup: Setting up libcfg7:amd64 (3.0.3-2ubuntu2) ...
    dns-backup: Setting up libtimedate-perl (2.3200-1) ...
    dns-backup: Setting up libpe-status28:amd64 (2.0.3-3ubuntu4.1) ...
    dns-backup: Setting up python3-lxml:amd64 (4.5.0-1ubuntu0.2) ...
    dns-backup: Setting up bind9 (1:9.16.1-0ubuntu2.4) ...
    dns-backup: Adding group `bind' (GID 121) ...
    dns-backup: Done.
    dns-backup: Adding system user `bind' (UID 115) ...
    dns-backup: Adding new user `bind' (UID 115) with group `bind' ...
    dns-backup: Not creating home directory `/var/cache/bind'.
    dns-backup: wrote key file "/etc/bind/rndc.key"
    dns-backup: named-resolvconf.service is a disabled or a static unit, not starting it.
    dns-backup: Created symlink /etc/systemd/system/bind9.service → /lib/systemd/system/named.service.
    dns-backup: Created symlink /etc/systemd/system/multi-user.target.wants/named.service → /lib/systemd/system/named.service.
    dns-backup: Setting up libstatgrab10 (0.92-2) ...
    dns-backup: Setting up libstonithd26:amd64 (2.0.3-3ubuntu4.1) ...
    dns-backup: Setting up python3-dateutil (2.7.3-3ubuntu1) ...
    dns-backup: Setting up bind9-dnsutils (1:9.16.1-0ubuntu2.4) ...
    dns-backup: Setting up libxml2-utils (2.9.10+dfsg-5) ...
    dns-backup: Setting up libopenipmi0 (2.0.27-0ubuntu2) ...
    dns-backup: Setting up libopenhpi3 (3.8.0-2build4) ...
    dns-backup: Setting up python3-soupsieve (1.9.5+dfsg-1) ...
    dns-backup: Setting up libirs-export161 (1:9.11.16+dfsg-3~ubuntu1) ...
    dns-backup: Setting up libnozzle1:amd64 (1.15-1ubuntu1) ...
    dns-backup: Setting up libvotequorum8:amd64 (3.0.3-2ubuntu2) ...
    dns-backup: Setting up libqb-dev (1.0.5-1) ...
    dns-backup: Setting up libsnmp35:amd64 (5.8+dfsg-2ubuntu2.3) ...
    dns-backup: Setting up libcpg4:amd64 (3.0.3-2ubuntu2) ...
    dns-backup: Setting up libcmap4:amd64 (3.0.3-2ubuntu2) ...
    dns-backup: Setting up libplumb2 (1.0.12-15) ...
    dns-backup: Setting up libquorum5:amd64 (3.0.3-2ubuntu2) ...
    dns-backup: Setting up libstonith1 (1.0.12-15) ...
    dns-backup: Setting up isc-dhcp-server (4.4.1-2.1ubuntu5) ...
    dns-backup: Generating /etc/default/isc-dhcp-server...
    dns-backup: Created symlink /etc/systemd/system/multi-user.target.wants/isc-dhcp-server.service → /lib/systemd/system/isc-dhcp-server.service.
    dns-backup: Created symlink /etc/systemd/system/multi-user.target.wants/isc-dhcp-server6.service → /lib/systemd/system/isc-dhcp-server6.service.
    dns-backup: Setting up libnss3:amd64 (2:3.49.1-1ubuntu1.5) ...
    dns-backup: Setting up libheartbeat2 (1:3.0.6-10build1) ...
    dns-backup: Setting up libcib27:amd64 (2.0.3-3ubuntu4.1) ...
    dns-backup: Setting up python3-bs4 (4.8.2-1) ...
    dns-backup: Setting up libknet1:amd64 (1.15-1ubuntu1) ...
    dns-backup: Setting up liblrm2 (1.0.12-15) ...
    dns-backup: Setting up openhpid (3.8.0-2build4) ...
    dns-backup: Setting up libcrmcluster29:amd64 (2.0.3-3ubuntu4.1) ...
    dns-backup: Setting up liblrmd28:amd64 (2.0.3-3ubuntu4.1) ...
    dns-backup: Setting up corosync (3.0.3-2ubuntu2) ...
    dns-backup: Created symlink /etc/systemd/system/multi-user.target.wants/corosync.service → /lib/systemd/system/corosync.service.
    dns-backup: Setting up libpacemaker1:amd64 (2.0.3-3ubuntu4.1) ...
    dns-backup: Setting up cluster-glue (1.0.12-15) ...
    dns-backup: addgroup: 
    dns-backup: The group `haclient' already exists as a system group. Exiting.
    dns-backup: The system user `hacluster' already exists. Exiting.
    dns-backup: Created symlink /etc/systemd/system/multi-user.target.wants/logd.service → /lib/systemd/system/logd.service.
    dns-backup: Setting up resource-agents (1:4.5.0-2ubuntu2.1) ...
    dns-backup: resource-agents-deps.target is a disabled or a static unit, not starting it.
    dns-backup: Setting up pacemaker-resource-agents (2.0.3-3ubuntu4.1) ...
    dns-backup: Setting up heartbeat (1:3.0.6-10build1) ...
    dns-backup: update-rc.d: warning: start and stop actions are no longer supported; falling back to defaults
    dns-backup: Created symlink /etc/systemd/system/multi-user.target.wants/heartbeat.service → /lib/systemd/system/heartbeat.service.
    dns-backup: Setting up crmsh (4.2.0-2ubuntu1) ...
    dns-backup: Setting up pacemaker (2.0.3-3ubuntu4.1) ...
    dns-backup: Created symlink /etc/systemd/system/multi-user.target.wants/pacemaker.service → /lib/systemd/system/pacemaker.service.
    dns-backup: Setting up pacemaker-cli-utils (2.0.3-3ubuntu4.1) ...
    dns-backup: Processing triggers for libc-bin (2.31-0ubuntu9.1) ...
    dns-backup: Processing triggers for ufw (0.36-6) ...
    dns-backup: Processing triggers for systemd (245.4-4ubuntu3.2) ...
    dns-backup: Processing triggers for man-db (2.9.1-1) ...
==> dns-backup: Running provisioner: shell...
    dns-backup: Running: inline script
==> internal-test: Importing base box 'bento/ubuntu-20.04'...
[KProgress: 10%[KProgress: 20%[KProgress: 40%[KProgress: 50%[KProgress: 60%[KProgress: 90%[K==> internal-test: Matching MAC address for NAT networking...
==> internal-test: Checking if box 'bento/ubuntu-20.04' version '202010.24.0' is up to date...
==> internal-test: Setting the name of the VM: ECE576A_internal-test_1607671797448_63338
==> internal-test: Fixed port collision for 22 => 2222. Now on port 2201.
==> internal-test: Clearing any previously set network interfaces...
==> internal-test: Preparing network interfaces based on configuration...
    internal-test: Adapter 1: nat
    internal-test: Adapter 2: hostonly
==> internal-test: Forwarding ports...
    internal-test: 22 (guest) => 2201 (host) (adapter 1)
==> internal-test: Running 'pre-boot' VM customizations...
==> internal-test: Booting VM...
==> internal-test: Waiting for machine to boot. This may take a few minutes...
    internal-test: SSH address: 127.0.0.1:2201
    internal-test: SSH username: vagrant
    internal-test: SSH auth method: private key
    internal-test: 
    internal-test: Vagrant insecure key detected. Vagrant will automatically replace
    internal-test: this with a newly generated keypair for better security.
    internal-test: 
    internal-test: Inserting generated public key within guest...
    internal-test: Removing insecure key from the guest if it's present...
    internal-test: Key inserted! Disconnecting and reconnecting using new SSH key...
==> internal-test: Machine booted and ready!
==> internal-test: Checking for guest additions in VM...
==> internal-test: Setting hostname...
==> internal-test: Configuring and enabling network interfaces...
==> internal-test: Mounting shared folders...
    internal-test: /vagrant => /home/mitch/ECE576A
==> internal-test: Running provisioner: shell...
    internal-test: Running: inline script
==> internal-test: Running provisioner: shell...
    internal-test: Running: inline script
==> webserver: Importing base box 'bento/ubuntu-20.04'...
[KProgress: 10%[KProgress: 40%[KProgress: 50%[KProgress: 60%[KProgress: 90%[K==> webserver: Matching MAC address for NAT networking...
==> webserver: Checking if box 'bento/ubuntu-20.04' version '202010.24.0' is up to date...
==> webserver: Setting the name of the VM: ECE576A_webserver_1607671834292_3555
==> webserver: Fixed port collision for 22 => 2222. Now on port 2202.
==> webserver: Clearing any previously set network interfaces...
==> webserver: Preparing network interfaces based on configuration...
    webserver: Adapter 1: nat
    webserver: Adapter 2: hostonly
==> webserver: Forwarding ports...
    webserver: 22 (guest) => 2202 (host) (adapter 1)
==> webserver: Running 'pre-boot' VM customizations...
==> webserver: Booting VM...
==> webserver: Waiting for machine to boot. This may take a few minutes...
    webserver: SSH address: 127.0.0.1:2202
    webserver: SSH username: vagrant
    webserver: SSH auth method: private key
    webserver: Warning: Connection reset. Retrying...
    webserver: Warning: Remote connection disconnect. Retrying...
    webserver: 
    webserver: Vagrant insecure key detected. Vagrant will automatically replace
    webserver: this with a newly generated keypair for better security.
    webserver: 
    webserver: Inserting generated public key within guest...
    webserver: Removing insecure key from the guest if it's present...
    webserver: Key inserted! Disconnecting and reconnecting using new SSH key...
==> webserver: Machine booted and ready!
==> webserver: Checking for guest additions in VM...
==> webserver: Setting hostname...
==> webserver: Configuring and enabling network interfaces...
==> webserver: Mounting shared folders...
    webserver: /vagrant => /home/mitch/ECE576A
==> webserver: Running provisioner: shell...
    webserver: Running: inline script
    webserver: Get:1 http://security.ubuntu.com/ubuntu focal-security InRelease [109 kB]
    webserver: Hit:2 http://archive.ubuntu.com/ubuntu focal InRelease
    webserver: Get:3 http://archive.ubuntu.com/ubuntu focal-updates InRelease [114 kB]
    webserver: Get:4 http://security.ubuntu.com/ubuntu focal-security/main amd64 Packages [376 kB]
    webserver: Get:5 http://security.ubuntu.com/ubuntu focal-security/main i386 Packages [162 kB]
    webserver: Get:6 http://security.ubuntu.com/ubuntu focal-security/main Translation-en [87.2 kB]
    webserver: Get:7 http://security.ubuntu.com/ubuntu focal-security/restricted amd64 Packages [69.9 kB]
    webserver: Get:8 http://security.ubuntu.com/ubuntu focal-security/restricted Translation-en [11.4 kB]
    webserver: Get:9 http://security.ubuntu.com/ubuntu focal-security/universe amd64 Packages [521 kB]
    webserver: Get:10 http://archive.ubuntu.com/ubuntu focal-backports InRelease [101 kB]
    webserver: Get:11 http://security.ubuntu.com/ubuntu focal-security/universe i386 Packages [413 kB]
    webserver: Get:12 http://security.ubuntu.com/ubuntu focal-security/universe Translation-en [68.6 kB]
    webserver: Get:13 http://security.ubuntu.com/ubuntu focal-security/multiverse amd64 Packages [1,256 B]
    webserver: Get:14 http://archive.ubuntu.com/ubuntu focal-updates/main i386 Packages [388 kB]
    webserver: Get:15 http://archive.ubuntu.com/ubuntu focal-updates/main amd64 Packages [683 kB]
    webserver: Get:16 http://archive.ubuntu.com/ubuntu focal-updates/main Translation-en [173 kB]
    webserver: Get:17 http://archive.ubuntu.com/ubuntu focal-updates/restricted amd64 Packages [96.3 kB]
    webserver: Get:18 http://archive.ubuntu.com/ubuntu focal-updates/restricted i386 Packages [13.3 kB]
    webserver: Get:19 http://archive.ubuntu.com/ubuntu focal-updates/restricted Translation-en [14.9 kB]
    webserver: Get:20 http://archive.ubuntu.com/ubuntu focal-updates/universe i386 Packages [522 kB]
    webserver: Get:21 http://archive.ubuntu.com/ubuntu focal-updates/universe amd64 Packages [701 kB]
    webserver: Get:22 http://archive.ubuntu.com/ubuntu focal-updates/universe Translation-en [138 kB]
    webserver: Get:23 http://archive.ubuntu.com/ubuntu focal-updates/multiverse i386 Packages [5,868 B]
    webserver: Get:24 http://archive.ubuntu.com/ubuntu focal-updates/multiverse amd64 Packages [20.0 kB]
    webserver: Get:25 http://archive.ubuntu.com/ubuntu focal-updates/multiverse Translation-en [4,668 B]
    webserver: Get:26 http://archive.ubuntu.com/ubuntu focal-backports/universe i386 Packages [2,904 B]
    webserver: Get:27 http://archive.ubuntu.com/ubuntu focal-backports/universe amd64 Packages [3,988 B]
    webserver: Fetched 4,800 kB in 2s (2,259 kB/s)
    webserver: Reading package lists...
    webserver: Reading package lists...
    webserver: Building dependency tree...
    webserver: Reading state information...
    webserver: The following additional packages will be installed:
    webserver:   apache2-bin apache2-data apache2-utils libapr1 libaprutil1
    webserver:   libaprutil1-dbd-sqlite3 libaprutil1-ldap libjansson4 liblua5.2-0 ssl-cert
    webserver: Suggested packages:
    webserver:   apache2-doc apache2-suexec-pristine | apache2-suexec-custom www-browser
    webserver:   openssl-blacklist
    webserver: The following NEW packages will be installed:
    webserver:   apache2 apache2-bin apache2-data apache2-utils libapr1 libaprutil1
    webserver:   libaprutil1-dbd-sqlite3 libaprutil1-ldap libjansson4 liblua5.2-0 net-tools
    webserver:   ssl-cert
    webserver: 0 upgraded, 12 newly installed, 0 to remove and 71 not upgraded.
    webserver: Need to get 2,061 kB of archives.
    webserver: After this operation, 8,945 kB of additional disk space will be used.
    webserver: Get:1 http://archive.ubuntu.com/ubuntu focal/main amd64 libapr1 amd64 1.6.5-1ubuntu1 [91.4 kB]
    webserver: Get:2 http://archive.ubuntu.com/ubuntu focal/main amd64 libaprutil1 amd64 1.6.1-4ubuntu2 [84.7 kB]
    webserver: Get:3 http://archive.ubuntu.com/ubuntu focal/main amd64 libaprutil1-dbd-sqlite3 amd64 1.6.1-4ubuntu2 [10.5 kB]
    webserver: Get:4 http://archive.ubuntu.com/ubuntu focal/main amd64 libaprutil1-ldap amd64 1.6.1-4ubuntu2 [8,736 B]
    webserver: Get:5 http://archive.ubuntu.com/ubuntu focal/main amd64 libjansson4 amd64 2.12-1build1 [28.9 kB]
    webserver: Get:6 http://archive.ubuntu.com/ubuntu focal/main amd64 liblua5.2-0 amd64 5.2.4-1.1build3 [106 kB]
    webserver: Get:7 http://archive.ubuntu.com/ubuntu focal-updates/main amd64 apache2-bin amd64 2.4.41-4ubuntu3.1 [1,180 kB]
    webserver: Get:8 http://archive.ubuntu.com/ubuntu focal-updates/main amd64 apache2-data all 2.4.41-4ubuntu3.1 [158 kB]
    webserver: Get:9 http://archive.ubuntu.com/ubuntu focal-updates/main amd64 apache2-utils amd64 2.4.41-4ubuntu3.1 [83.8 kB]
    webserver: Get:10 http://archive.ubuntu.com/ubuntu focal-updates/main amd64 apache2 amd64 2.4.41-4ubuntu3.1 [95.5 kB]
    webserver: Get:11 http://archive.ubuntu.com/ubuntu focal/main amd64 net-tools amd64 1.60+git20180626.aebd88e-1ubuntu1 [196 kB]
    webserver: Get:12 http://archive.ubuntu.com/ubuntu focal/main amd64 ssl-cert all 1.0.39 [17.0 kB]
    webserver: dpkg-preconfigure: unable to re-open stdin: No such file or directory
    webserver: Fetched 2,061 kB in 2s (1,287 kB/s)
    webserver: Selecting previously unselected package libapr1:amd64.
    webserver: (Reading database ... 
    webserver: (Reading database ... 5%(Reading database ... 10%(Reading database ... 15%(Reading database ... 20%(Reading database ... 25%(Reading database ... 30%(Reading database ... 35%(Reading database ... 40%(Reading database ... 45%(Reading database ... 50%(Reading database ... 55%
    webserver: (Reading database ... 60%
    webserver: (Reading database ... 65%
    webserver: (Reading database ... 70%
    webserver: (Reading database ... 75%
    webserver: (Reading database ... 80%
    webserver: (Reading database ... 85%
    webserver: (Reading database ... 90%
    webserver: (Reading database ... 95%
    webserver: (Reading database ... 100%(Reading database ... 41303 files and directories currently installed.)
    webserver: Preparing to unpack .../00-libapr1_1.6.5-1ubuntu1_amd64.deb ...
    webserver: Unpacking libapr1:amd64 (1.6.5-1ubuntu1) ...
    webserver: Selecting previously unselected package libaprutil1:amd64.
    webserver: Preparing to unpack .../01-libaprutil1_1.6.1-4ubuntu2_amd64.deb ...
    webserver: Unpacking libaprutil1:amd64 (1.6.1-4ubuntu2) ...
    webserver: Selecting previously unselected package libaprutil1-dbd-sqlite3:amd64.
    webserver: Preparing to unpack .../02-libaprutil1-dbd-sqlite3_1.6.1-4ubuntu2_amd64.deb ...
    webserver: Unpacking libaprutil1-dbd-sqlite3:amd64 (1.6.1-4ubuntu2) ...
    webserver: Selecting previously unselected package libaprutil1-ldap:amd64.
    webserver: Preparing to unpack .../03-libaprutil1-ldap_1.6.1-4ubuntu2_amd64.deb ...
    webserver: Unpacking libaprutil1-ldap:amd64 (1.6.1-4ubuntu2) ...
    webserver: Selecting previously unselected package libjansson4:amd64.
    webserver: Preparing to unpack .../04-libjansson4_2.12-1build1_amd64.deb ...
    webserver: Unpacking libjansson4:amd64 (2.12-1build1) ...
    webserver: Selecting previously unselected package liblua5.2-0:amd64.
    webserver: Preparing to unpack .../05-liblua5.2-0_5.2.4-1.1build3_amd64.deb ...
    webserver: Unpacking liblua5.2-0:amd64 (5.2.4-1.1build3) ...
    webserver: Selecting previously unselected package apache2-bin.
    webserver: Preparing to unpack .../06-apache2-bin_2.4.41-4ubuntu3.1_amd64.deb ...
    webserver: Unpacking apache2-bin (2.4.41-4ubuntu3.1) ...
    webserver: Selecting previously unselected package apache2-data.
    webserver: Preparing to unpack .../07-apache2-data_2.4.41-4ubuntu3.1_all.deb ...
    webserver: Unpacking apache2-data (2.4.41-4ubuntu3.1) ...
    webserver: Selecting previously unselected package apache2-utils.
    webserver: Preparing to unpack .../08-apache2-utils_2.4.41-4ubuntu3.1_amd64.deb ...
    webserver: Unpacking apache2-utils (2.4.41-4ubuntu3.1) ...
    webserver: Selecting previously unselected package apache2.
    webserver: Preparing to unpack .../09-apache2_2.4.41-4ubuntu3.1_amd64.deb ...
    webserver: Unpacking apache2 (2.4.41-4ubuntu3.1) ...
    webserver: Selecting previously unselected package net-tools.
    webserver: Preparing to unpack .../10-net-tools_1.60+git20180626.aebd88e-1ubuntu1_amd64.deb ...
    webserver: Unpacking net-tools (1.60+git20180626.aebd88e-1ubuntu1) ...
    webserver: Selecting previously unselected package ssl-cert.
    webserver: Preparing to unpack .../11-ssl-cert_1.0.39_all.deb ...
    webserver: Unpacking ssl-cert (1.0.39) ...
    webserver: Setting up net-tools (1.60+git20180626.aebd88e-1ubuntu1) ...
    webserver: Setting up libapr1:amd64 (1.6.5-1ubuntu1) ...
    webserver: Setting up libjansson4:amd64 (2.12-1build1) ...
    webserver: Setting up ssl-cert (1.0.39) ...
    webserver: Setting up liblua5.2-0:amd64 (5.2.4-1.1build3) ...
    webserver: Setting up apache2-data (2.4.41-4ubuntu3.1) ...
    webserver: Setting up libaprutil1:amd64 (1.6.1-4ubuntu2) ...
    webserver: Setting up libaprutil1-ldap:amd64 (1.6.1-4ubuntu2) ...
    webserver: Setting up libaprutil1-dbd-sqlite3:amd64 (1.6.1-4ubuntu2) ...
    webserver: Setting up apache2-utils (2.4.41-4ubuntu3.1) ...
    webserver: Setting up apache2-bin (2.4.41-4ubuntu3.1) ...
    webserver: Setting up apache2 (2.4.41-4ubuntu3.1) ...
    webserver: Enabling module mpm_event.
    webserver: Enabling module authz_core.
    webserver: Enabling module authz_host.
    webserver: Enabling module authn_core.
    webserver: Enabling module auth_basic.
    webserver: Enabling module access_compat.
    webserver: Enabling module authn_file.
    webserver: Enabling module authz_user.
    webserver: Enabling module alias.
    webserver: Enabling module dir.
    webserver: Enabling module autoindex.
    webserver: Enabling module env.
    webserver: Enabling module mime.
    webserver: Enabling module negotiation.
    webserver: Enabling module setenvif.
    webserver: Enabling module filter.
    webserver: Enabling module deflate.
    webserver: Enabling module status.
    webserver: Enabling module reqtimeout.
    webserver: Enabling conf charset.
    webserver: Enabling conf localized-error-pages.
    webserver: Enabling conf other-vhosts-access-log.
    webserver: Enabling conf security.
    webserver: Enabling conf serve-cgi-bin.
    webserver: Enabling site 000-default.
    webserver: Created symlink /etc/systemd/system/multi-user.target.wants/apache2.service → /lib/systemd/system/apache2.service.
    webserver: Created symlink /etc/systemd/system/multi-user.target.wants/apache-htcacheclean.service → /lib/systemd/system/apache-htcacheclean.service.
    webserver: Processing triggers for ufw (0.36-6) ...
    webserver: Processing triggers for systemd (245.4-4ubuntu3.2) ...
    webserver: Processing triggers for man-db (2.9.1-1) ...
    webserver: Processing triggers for libc-bin (2.31-0ubuntu9.1) ...
==> webserver: Running provisioner: shell...
    webserver: Running: inline script
==> external-test: Importing base box 'bento/ubuntu-20.04'...
[KProgress: 10%[KProgress: 20%[KProgress: 40%[KProgress: 60%[KProgress: 90%[K==> external-test: Matching MAC address for NAT networking...
==> external-test: Checking if box 'bento/ubuntu-20.04' version '202010.24.0' is up to date...
==> external-test: Setting the name of the VM: ECE576A_external-test_1607671904255_63890
==> external-test: Fixed port collision for 22 => 2222. Now on port 2203.
==> external-test: Clearing any previously set network interfaces...
==> external-test: Preparing network interfaces based on configuration...
    external-test: Adapter 1: nat
    external-test: Adapter 2: hostonly
==> external-test: Forwarding ports...
    external-test: 22 (guest) => 2203 (host) (adapter 1)
==> external-test: Running 'pre-boot' VM customizations...
==> external-test: Booting VM...
==> external-test: Waiting for machine to boot. This may take a few minutes...
    external-test: SSH address: 127.0.0.1:2203
    external-test: SSH username: vagrant
    external-test: SSH auth method: private key
    external-test: 
    external-test: Vagrant insecure key detected. Vagrant will automatically replace
    external-test: this with a newly generated keypair for better security.
    external-test: 
    external-test: Inserting generated public key within guest...
    external-test: Removing insecure key from the guest if it's present...
    external-test: Key inserted! Disconnecting and reconnecting using new SSH key...
==> external-test: Machine booted and ready!
==> external-test: Checking for guest additions in VM...
==> external-test: Setting hostname...
==> external-test: Configuring and enabling network interfaces...
==> external-test: Mounting shared folders...
    external-test: /vagrant => /home/mitch/ECE576A
==> external-test: Running provisioner: shell...
    external-test: Running: inline script
==> external-test: Running provisioner: shell...
    external-test: Running: inline script
